2023-10-09T16:21:19.618+05:30  INFO 11348 --- [main] .b.t.CustomerTicketingSupportApplication : Starting CustomerTicketingSupportApplication using Java 17.0.6 with PID 11348 (C:\Clone10.00\nevin-zachariah\Assement4Prpoject\CustomerTicketingSupport\target\classes started by NevinZachariah(Inter in C:\Clone10.00\nevin-zachariah\Assement4Prpoject\CustomerTicketingSupport)
2023-10-09T16:21:19.628+05:30  INFO 11348 --- [main] .b.t.CustomerTicketingSupportApplication : No active profile set, falling back to 1 default profile: "default"
2023-10-09T16:21:20.668+05:30  INFO 11348 --- [main] .s.d.r.c.RepositoryConfigurationDelegate : Bootstrapping Spring Data JPA repositories in DEFAULT mode.
2023-10-09T16:21:20.749+05:30  INFO 11348 --- [main] .s.d.r.c.RepositoryConfigurationDelegate : Finished Spring Data repository scanning in 71 ms. Found 7 JPA repository interfaces.
2023-10-09T16:21:21.324+05:30  INFO 11348 --- [main] o.s.b.w.embedded.tomcat.TomcatWebServer  : Tomcat initialized with port(s): 8080 (http)
2023-10-09T16:21:21.337+05:30  INFO 11348 --- [main] o.apache.catalina.core.StandardService   : Starting service [Tomcat]
2023-10-09T16:21:21.337+05:30  INFO 11348 --- [main] o.apache.catalina.core.StandardEngine    : Starting Servlet engine: [Apache Tomcat/10.1.8]
2023-10-09T16:21:21.460+05:30  INFO 11348 --- [main] o.a.c.c.C.[Tomcat].[localhost].[/]       : Initializing Spring embedded WebApplicationContext
2023-10-09T16:21:21.461+05:30  INFO 11348 --- [main] w.s.c.ServletWebServerApplicationContext : Root WebApplicationContext: initialization completed in 1724 ms
2023-10-09T16:21:21.620+05:30  INFO 11348 --- [main] o.hibernate.jpa.internal.util.LogHelper  : HHH000204: Processing PersistenceUnitInfo [name: default]
2023-10-09T16:21:21.706+05:30  INFO 11348 --- [main] org.hibernate.Version                    : HHH000412: Hibernate ORM core version 6.2.2.Final
2023-10-09T16:21:21.709+05:30  INFO 11348 --- [main] org.hibernate.cfg.Environment            : HHH000406: Using bytecode reflection optimizer
2023-10-09T16:21:21.900+05:30  INFO 11348 --- [main] o.h.b.i.BytecodeProviderInitiator        : HHH000021: Bytecode provider name : bytebuddy
2023-10-09T16:21:22.082+05:30  INFO 11348 --- [main] o.s.o.j.p.SpringPersistenceUnitInfo      : No LoadTimeWeaver setup: ignoring JPA class transformer
2023-10-09T16:21:22.102+05:30  INFO 11348 --- [main] com.zaxxer.hikari.HikariDataSource       : HikariPool-1 - Starting...
2023-10-09T16:21:22.275+05:30  INFO 11348 --- [main] com.zaxxer.hikari.pool.HikariPool        : HikariPool-1 - Added connection org.postgresql.jdbc.PgConnection@4ab66127
2023-10-09T16:21:22.277+05:30  INFO 11348 --- [main] com.zaxxer.hikari.HikariDataSource       : HikariPool-1 - Start completed.
2023-10-09T16:21:22.311+05:30  INFO 11348 --- [main] org.hibernate.orm.dialect                : HHH035001: Using dialect: org.hibernate.dialect.PostgreSQLDialect, version: org.hibernate.engine.jdbc.env.internal.JdbcEnvironmentInitiator$DialectResolutionInfoImpl@6903ed0e
2023-10-09T16:21:22.700+05:30  INFO 11348 --- [main] o.h.b.i.BytecodeProviderInitiator        : HHH000021: Bytecode provider name : bytebuddy
2023-10-09T16:21:23.571+05:30  INFO 11348 --- [main] o.h.e.t.j.p.i.JtaPlatformInitiator       : HHH000490: Using JtaPlatform implementation: [org.hibernate.engine.transaction.jta.platform.internal.NoJtaPlatform]
2023-10-09T16:21:23.757+05:30  INFO 11348 --- [main] j.LocalContainerEntityManagerFactoryBean : Initialized JPA EntityManagerFactory for persistence unit 'default'
2023-10-09T16:21:24.143+05:30  INFO 11348 --- [main] o.s.d.j.r.query.QueryEnhancerFactory     : Hibernate is in classpath; If applicable, HQL parser will be used.
2023-10-09T16:21:24.654+05:30  WARN 11348 --- [main] JpaBaseConfiguration$JpaWebConfiguration : spring.jpa.open-in-view is enabled by default. Therefore, database queries may be performed during view rendering. Explicitly configure spring.jpa.open-in-view to disable this warning
2023-10-09T16:21:24.945+05:30  WARN 11348 --- [main] ConfigServletWebServerApplicationContext : Exception encountered during context initialization - cancelling refresh attempt: org.springframework.context.ApplicationContextException: Failed to start bean 'webServerStartStop'
2023-10-09T16:21:24.947+05:30  INFO 11348 --- [main] j.LocalContainerEntityManagerFactoryBean : Closing JPA EntityManagerFactory for persistence unit 'default'
2023-10-09T16:21:24.949+05:30  INFO 11348 --- [main] com.zaxxer.hikari.HikariDataSource       : HikariPool-1 - Shutdown initiated...
2023-10-09T16:21:24.954+05:30  INFO 11348 --- [main] com.zaxxer.hikari.HikariDataSource       : HikariPool-1 - Shutdown completed.
2023-10-09T16:21:24.956+05:30  INFO 11348 --- [main] o.apache.catalina.core.StandardService   : Stopping service [Tomcat]
2023-10-09T16:21:24.968+05:30  INFO 11348 --- [main] .s.b.a.l.ConditionEvaluationReportLogger : 

Error starting ApplicationContext. To display the condition evaluation report re-run your application with 'debug' enabled.
2023-10-09T16:21:24.985+05:30 ERROR 11348 --- [main] o.s.b.d.LoggingFailureAnalysisReporter   : 

***************************
APPLICATION FAILED TO START
***************************

Description:

Web server failed to start. Port 8080 was already in use.

Action:

Identify and stop the process that's listening on port 8080 or configure this application to listen on another port.

2023-10-09T16:21:38.636+05:30  INFO 11772 --- [main] .b.t.CustomerTicketingSupportApplication : Starting CustomerTicketingSupportApplication using Java 17.0.6 with PID 11772 (C:\Clone10.00\nevin-zachariah\Assement4Prpoject\CustomerTicketingSupport\target\classes started by NevinZachariah(Inter in C:\Clone10.00\nevin-zachariah\Assement4Prpoject\CustomerTicketingSupport)
2023-10-09T16:21:38.639+05:30  INFO 11772 --- [main] .b.t.CustomerTicketingSupportApplication : No active profile set, falling back to 1 default profile: "default"
2023-10-09T16:21:39.185+05:30  INFO 11772 --- [main] .s.d.r.c.RepositoryConfigurationDelegate : Bootstrapping Spring Data JPA repositories in DEFAULT mode.
2023-10-09T16:21:39.247+05:30  INFO 11772 --- [main] .s.d.r.c.RepositoryConfigurationDelegate : Finished Spring Data repository scanning in 56 ms. Found 7 JPA repository interfaces.
2023-10-09T16:21:39.657+05:30  INFO 11772 --- [main] o.s.b.w.embedded.tomcat.TomcatWebServer  : Tomcat initialized with port(s): 8080 (http)
2023-10-09T16:21:39.669+05:30  INFO 11772 --- [main] o.apache.catalina.core.StandardService   : Starting service [Tomcat]
2023-10-09T16:21:39.670+05:30  INFO 11772 --- [main] o.apache.catalina.core.StandardEngine    : Starting Servlet engine: [Apache Tomcat/10.1.8]
2023-10-09T16:21:39.778+05:30  INFO 11772 --- [main] o.a.c.c.C.[Tomcat].[localhost].[/]       : Initializing Spring embedded WebApplicationContext
2023-10-09T16:21:39.778+05:30  INFO 11772 --- [main] w.s.c.ServletWebServerApplicationContext : Root WebApplicationContext: initialization completed in 1102 ms
2023-10-09T16:21:39.929+05:30  INFO 11772 --- [main] o.hibernate.jpa.internal.util.LogHelper  : HHH000204: Processing PersistenceUnitInfo [name: default]
2023-10-09T16:21:39.993+05:30  INFO 11772 --- [main] org.hibernate.Version                    : HHH000412: Hibernate ORM core version 6.2.2.Final
2023-10-09T16:21:39.997+05:30  INFO 11772 --- [main] org.hibernate.cfg.Environment            : HHH000406: Using bytecode reflection optimizer
2023-10-09T16:21:40.133+05:30  INFO 11772 --- [main] o.h.b.i.BytecodeProviderInitiator        : HHH000021: Bytecode provider name : bytebuddy
2023-10-09T16:21:40.298+05:30  INFO 11772 --- [main] o.s.o.j.p.SpringPersistenceUnitInfo      : No LoadTimeWeaver setup: ignoring JPA class transformer
2023-10-09T16:21:40.312+05:30  INFO 11772 --- [main] com.zaxxer.hikari.HikariDataSource       : HikariPool-1 - Starting...
2023-10-09T16:21:40.489+05:30  INFO 11772 --- [main] com.zaxxer.hikari.pool.HikariPool        : HikariPool-1 - Added connection org.postgresql.jdbc.PgConnection@738a815c
2023-10-09T16:21:40.490+05:30  INFO 11772 --- [main] com.zaxxer.hikari.HikariDataSource       : HikariPool-1 - Start completed.
2023-10-09T16:21:40.523+05:30  INFO 11772 --- [main] org.hibernate.orm.dialect                : HHH035001: Using dialect: org.hibernate.dialect.PostgreSQLDialect, version: org.hibernate.engine.jdbc.env.internal.JdbcEnvironmentInitiator$DialectResolutionInfoImpl@63187d63
2023-10-09T16:21:40.793+05:30  INFO 11772 --- [main] o.h.b.i.BytecodeProviderInitiator        : HHH000021: Bytecode provider name : bytebuddy
2023-10-09T16:21:41.556+05:30  INFO 11772 --- [main] o.h.e.t.j.p.i.JtaPlatformInitiator       : HHH000490: Using JtaPlatform implementation: [org.hibernate.engine.transaction.jta.platform.internal.NoJtaPlatform]
2023-10-09T16:21:41.752+05:30  INFO 11772 --- [main] j.LocalContainerEntityManagerFactoryBean : Initialized JPA EntityManagerFactory for persistence unit 'default'
2023-10-09T16:21:42.092+05:30  INFO 11772 --- [main] o.s.d.j.r.query.QueryEnhancerFactory     : Hibernate is in classpath; If applicable, HQL parser will be used.
2023-10-09T16:21:42.661+05:30  WARN 11772 --- [main] JpaBaseConfiguration$JpaWebConfiguration : spring.jpa.open-in-view is enabled by default. Therefore, database queries may be performed during view rendering. Explicitly configure spring.jpa.open-in-view to disable this warning
2023-10-09T16:21:43.038+05:30  INFO 11772 --- [main] o.s.b.w.embedded.tomcat.TomcatWebServer  : Tomcat started on port(s): 8080 (http) with context path ''
2023-10-09T16:21:43.048+05:30  INFO 11772 --- [main] .b.t.CustomerTicketingSupportApplication : Started CustomerTicketingSupportApplication in 4.812 seconds (process running for 5.527)
2023-10-09T16:21:54.252+05:30  INFO 11772 --- [http-nio-8080-exec-1] o.a.c.c.C.[Tomcat].[localhost].[/]       : Initializing Spring DispatcherServlet 'dispatcherServlet'
2023-10-09T16:21:54.252+05:30  INFO 11772 --- [http-nio-8080-exec-1] o.s.web.servlet.DispatcherServlet        : Initializing Servlet 'dispatcherServlet'
2023-10-09T16:21:54.260+05:30  INFO 11772 --- [http-nio-8080-exec-1] o.s.web.servlet.DispatcherServlet        : Completed initialization in 8 ms
2023-10-09T16:25:12.410+05:30  INFO 11772 --- [RMI TCP Connection(13)-127.0.0.1] inMXBeanRegistrar$SpringApplicationAdmin : Application shutdown requested.
2023-10-09T16:25:12.423+05:30  INFO 11772 --- [RMI TCP Connection(13)-127.0.0.1] o.apache.catalina.core.StandardService   : Stopping service [Tomcat]
2023-10-09T16:25:12.426+05:30  INFO 11772 --- [RMI TCP Connection(13)-127.0.0.1] o.a.c.c.C.[Tomcat].[localhost].[/]       : Destroying Spring FrameworkServlet 'dispatcherServlet'
2023-10-09T16:25:12.433+05:30  INFO 11772 --- [RMI TCP Connection(13)-127.0.0.1] j.LocalContainerEntityManagerFactoryBean : Closing JPA EntityManagerFactory for persistence unit 'default'
2023-10-09T16:25:12.435+05:30  INFO 11772 --- [RMI TCP Connection(13)-127.0.0.1] com.zaxxer.hikari.HikariDataSource       : HikariPool-1 - Shutdown initiated...
2023-10-09T16:25:12.438+05:30  INFO 11772 --- [RMI TCP Connection(13)-127.0.0.1] com.zaxxer.hikari.HikariDataSource       : HikariPool-1 - Shutdown completed.
2023-10-09T16:25:16.461+05:30  INFO 7664 --- [main] .b.t.CustomerTicketingSupportApplication : Starting CustomerTicketingSupportApplication using Java 17.0.6 with PID 7664 (C:\Clone10.00\nevin-zachariah\Assement4Prpoject\CustomerTicketingSupport\target\classes started by NevinZachariah(Inter in C:\Clone10.00\nevin-zachariah\Assement4Prpoject\CustomerTicketingSupport)
2023-10-09T16:25:16.465+05:30  INFO 7664 --- [main] .b.t.CustomerTicketingSupportApplication : No active profile set, falling back to 1 default profile: "default"
2023-10-09T16:25:17.059+05:30  INFO 7664 --- [main] .s.d.r.c.RepositoryConfigurationDelegate : Bootstrapping Spring Data JPA repositories in DEFAULT mode.
2023-10-09T16:25:17.154+05:30  INFO 7664 --- [main] .s.d.r.c.RepositoryConfigurationDelegate : Finished Spring Data repository scanning in 83 ms. Found 7 JPA repository interfaces.
2023-10-09T16:25:17.644+05:30  INFO 7664 --- [main] o.s.b.w.embedded.tomcat.TomcatWebServer  : Tomcat initialized with port(s): 8080 (http)
2023-10-09T16:25:17.656+05:30  INFO 7664 --- [main] o.apache.catalina.core.StandardService   : Starting service [Tomcat]
2023-10-09T16:25:17.657+05:30  INFO 7664 --- [main] o.apache.catalina.core.StandardEngine    : Starting Servlet engine: [Apache Tomcat/10.1.8]
2023-10-09T16:25:17.765+05:30  INFO 7664 --- [main] o.a.c.c.C.[Tomcat].[localhost].[/]       : Initializing Spring embedded WebApplicationContext
2023-10-09T16:25:17.765+05:30  INFO 7664 --- [main] w.s.c.ServletWebServerApplicationContext : Root WebApplicationContext: initialization completed in 1253 ms
2023-10-09T16:25:17.917+05:30  INFO 7664 --- [main] o.hibernate.jpa.internal.util.LogHelper  : HHH000204: Processing PersistenceUnitInfo [name: default]
2023-10-09T16:25:17.963+05:30  INFO 7664 --- [main] org.hibernate.Version                    : HHH000412: Hibernate ORM core version 6.2.2.Final
2023-10-09T16:25:17.966+05:30  INFO 7664 --- [main] org.hibernate.cfg.Environment            : HHH000406: Using bytecode reflection optimizer
2023-10-09T16:25:18.098+05:30  INFO 7664 --- [main] o.h.b.i.BytecodeProviderInitiator        : HHH000021: Bytecode provider name : bytebuddy
2023-10-09T16:25:18.250+05:30  INFO 7664 --- [main] o.s.o.j.p.SpringPersistenceUnitInfo      : No LoadTimeWeaver setup: ignoring JPA class transformer
2023-10-09T16:25:18.276+05:30  INFO 7664 --- [main] com.zaxxer.hikari.HikariDataSource       : HikariPool-1 - Starting...
2023-10-09T16:25:18.452+05:30  INFO 7664 --- [main] com.zaxxer.hikari.pool.HikariPool        : HikariPool-1 - Added connection org.postgresql.jdbc.PgConnection@5f0677f3
2023-10-09T16:25:18.454+05:30  INFO 7664 --- [main] com.zaxxer.hikari.HikariDataSource       : HikariPool-1 - Start completed.
2023-10-09T16:25:18.490+05:30  INFO 7664 --- [main] org.hibernate.orm.dialect                : HHH035001: Using dialect: org.hibernate.dialect.PostgreSQLDialect, version: org.hibernate.engine.jdbc.env.internal.JdbcEnvironmentInitiator$DialectResolutionInfoImpl@6e239337
2023-10-09T16:25:18.831+05:30  INFO 7664 --- [main] o.h.b.i.BytecodeProviderInitiator        : HHH000021: Bytecode provider name : bytebuddy
2023-10-09T16:25:19.561+05:30  INFO 7664 --- [main] o.h.e.t.j.p.i.JtaPlatformInitiator       : HHH000490: Using JtaPlatform implementation: [org.hibernate.engine.transaction.jta.platform.internal.NoJtaPlatform]
2023-10-09T16:25:19.759+05:30  INFO 7664 --- [main] j.LocalContainerEntityManagerFactoryBean : Initialized JPA EntityManagerFactory for persistence unit 'default'
2023-10-09T16:25:20.123+05:30  INFO 7664 --- [main] o.s.d.j.r.query.QueryEnhancerFactory     : Hibernate is in classpath; If applicable, HQL parser will be used.
2023-10-09T16:25:20.590+05:30  WARN 7664 --- [main] JpaBaseConfiguration$JpaWebConfiguration : spring.jpa.open-in-view is enabled by default. Therefore, database queries may be performed during view rendering. Explicitly configure spring.jpa.open-in-view to disable this warning
2023-10-09T16:25:20.916+05:30  INFO 7664 --- [main] o.s.b.w.embedded.tomcat.TomcatWebServer  : Tomcat started on port(s): 8080 (http) with context path ''
2023-10-09T16:25:20.928+05:30  INFO 7664 --- [main] .b.t.CustomerTicketingSupportApplication : Started CustomerTicketingSupportApplication in 4.851 seconds (process running for 5.526)
2023-10-09T16:25:26.047+05:30  INFO 7664 --- [http-nio-8080-exec-2] o.a.c.c.C.[Tomcat].[localhost].[/]       : Initializing Spring DispatcherServlet 'dispatcherServlet'
2023-10-09T16:25:26.047+05:30  INFO 7664 --- [http-nio-8080-exec-2] o.s.web.servlet.DispatcherServlet        : Initializing Servlet 'dispatcherServlet'
2023-10-09T16:25:26.048+05:30  INFO 7664 --- [http-nio-8080-exec-2] o.s.web.servlet.DispatcherServlet        : Completed initialization in 1 ms
2023-10-09T16:26:48.772+05:30  INFO 7664 --- [RMI TCP Connection(11)-127.0.0.1] inMXBeanRegistrar$SpringApplicationAdmin : Application shutdown requested.
2023-10-09T16:26:48.789+05:30  INFO 7664 --- [RMI TCP Connection(11)-127.0.0.1] o.apache.catalina.core.StandardService   : Stopping service [Tomcat]
2023-10-09T16:26:48.791+05:30  INFO 7664 --- [RMI TCP Connection(11)-127.0.0.1] o.a.c.c.C.[Tomcat].[localhost].[/]       : Destroying Spring FrameworkServlet 'dispatcherServlet'
2023-10-09T16:26:48.800+05:30  INFO 7664 --- [RMI TCP Connection(11)-127.0.0.1] j.LocalContainerEntityManagerFactoryBean : Closing JPA EntityManagerFactory for persistence unit 'default'
2023-10-09T16:26:48.802+05:30  INFO 7664 --- [RMI TCP Connection(11)-127.0.0.1] com.zaxxer.hikari.HikariDataSource       : HikariPool-1 - Shutdown initiated...
2023-10-09T16:26:48.811+05:30  INFO 7664 --- [RMI TCP Connection(11)-127.0.0.1] com.zaxxer.hikari.HikariDataSource       : HikariPool-1 - Shutdown completed.
2023-10-09T16:26:51.259+05:30  INFO 21516 --- [main] .b.t.CustomerTicketingSupportApplication : Starting CustomerTicketingSupportApplication using Java 17.0.6 with PID 21516 (C:\Clone10.00\nevin-zachariah\Assement4Prpoject\CustomerTicketingSupport\target\classes started by NevinZachariah(Inter in C:\Clone10.00\nevin-zachariah\Assement4Prpoject\CustomerTicketingSupport)
2023-10-09T16:26:51.261+05:30  INFO 21516 --- [main] .b.t.CustomerTicketingSupportApplication : No active profile set, falling back to 1 default profile: "default"
2023-10-09T16:26:51.722+05:30  INFO 21516 --- [main] .s.d.r.c.RepositoryConfigurationDelegate : Bootstrapping Spring Data JPA repositories in DEFAULT mode.
2023-10-09T16:26:51.784+05:30  INFO 21516 --- [main] .s.d.r.c.RepositoryConfigurationDelegate : Finished Spring Data repository scanning in 55 ms. Found 7 JPA repository interfaces.
2023-10-09T16:26:52.164+05:30  INFO 21516 --- [main] o.s.b.w.embedded.tomcat.TomcatWebServer  : Tomcat initialized with port(s): 8080 (http)
2023-10-09T16:26:52.176+05:30  INFO 21516 --- [main] o.apache.catalina.core.StandardService   : Starting service [Tomcat]
2023-10-09T16:26:52.176+05:30  INFO 21516 --- [main] o.apache.catalina.core.StandardEngine    : Starting Servlet engine: [Apache Tomcat/10.1.8]
2023-10-09T16:26:52.282+05:30  INFO 21516 --- [main] o.a.c.c.C.[Tomcat].[localhost].[/]       : Initializing Spring embedded WebApplicationContext
2023-10-09T16:26:52.283+05:30  INFO 21516 --- [main] w.s.c.ServletWebServerApplicationContext : Root WebApplicationContext: initialization completed in 987 ms
2023-10-09T16:26:52.429+05:30  INFO 21516 --- [main] o.hibernate.jpa.internal.util.LogHelper  : HHH000204: Processing PersistenceUnitInfo [name: default]
2023-10-09T16:26:52.469+05:30  INFO 21516 --- [main] org.hibernate.Version                    : HHH000412: Hibernate ORM core version 6.2.2.Final
2023-10-09T16:26:52.472+05:30  INFO 21516 --- [main] org.hibernate.cfg.Environment            : HHH000406: Using bytecode reflection optimizer
2023-10-09T16:26:52.608+05:30  INFO 21516 --- [main] o.h.b.i.BytecodeProviderInitiator        : HHH000021: Bytecode provider name : bytebuddy
2023-10-09T16:26:52.725+05:30  INFO 21516 --- [main] o.s.o.j.p.SpringPersistenceUnitInfo      : No LoadTimeWeaver setup: ignoring JPA class transformer
2023-10-09T16:26:52.742+05:30  INFO 21516 --- [main] com.zaxxer.hikari.HikariDataSource       : HikariPool-1 - Starting...
2023-10-09T16:26:52.937+05:30  INFO 21516 --- [main] com.zaxxer.hikari.pool.HikariPool        : HikariPool-1 - Added connection org.postgresql.jdbc.PgConnection@106cd9c8
2023-10-09T16:26:52.939+05:30  INFO 21516 --- [main] com.zaxxer.hikari.HikariDataSource       : HikariPool-1 - Start completed.
2023-10-09T16:26:52.969+05:30  INFO 21516 --- [main] org.hibernate.orm.dialect                : HHH035001: Using dialect: org.hibernate.dialect.PostgreSQLDialect, version: org.hibernate.engine.jdbc.env.internal.JdbcEnvironmentInitiator$DialectResolutionInfoImpl@15d65fcf
2023-10-09T16:26:53.259+05:30  INFO 21516 --- [main] o.h.b.i.BytecodeProviderInitiator        : HHH000021: Bytecode provider name : bytebuddy
2023-10-09T16:26:53.963+05:30  INFO 21516 --- [main] o.h.e.t.j.p.i.JtaPlatformInitiator       : HHH000490: Using JtaPlatform implementation: [org.hibernate.engine.transaction.jta.platform.internal.NoJtaPlatform]
2023-10-09T16:26:54.131+05:30  INFO 21516 --- [main] j.LocalContainerEntityManagerFactoryBean : Initialized JPA EntityManagerFactory for persistence unit 'default'
2023-10-09T16:26:54.504+05:30  INFO 21516 --- [main] o.s.d.j.r.query.QueryEnhancerFactory     : Hibernate is in classpath; If applicable, HQL parser will be used.
2023-10-09T16:26:54.969+05:30  WARN 21516 --- [main] JpaBaseConfiguration$JpaWebConfiguration : spring.jpa.open-in-view is enabled by default. Therefore, database queries may be performed during view rendering. Explicitly configure spring.jpa.open-in-view to disable this warning
2023-10-09T16:26:55.273+05:30  INFO 21516 --- [main] o.s.b.w.embedded.tomcat.TomcatWebServer  : Tomcat started on port(s): 8080 (http) with context path ''
2023-10-09T16:26:55.282+05:30  INFO 21516 --- [main] .b.t.CustomerTicketingSupportApplication : Started CustomerTicketingSupportApplication in 4.357 seconds (process running for 5.068)
2023-10-09T16:27:05.220+05:30  INFO 21516 --- [http-nio-8080-exec-1] o.a.c.c.C.[Tomcat].[localhost].[/]       : Initializing Spring DispatcherServlet 'dispatcherServlet'
2023-10-09T16:27:05.220+05:30  INFO 21516 --- [http-nio-8080-exec-1] o.s.web.servlet.DispatcherServlet        : Initializing Servlet 'dispatcherServlet'
2023-10-09T16:27:05.221+05:30  INFO 21516 --- [http-nio-8080-exec-1] o.s.web.servlet.DispatcherServlet        : Completed initialization in 0 ms
2023-10-09T16:29:18.974+05:30  INFO 21116 --- [main] .b.t.CustomerTicketingSupportApplication : Starting CustomerTicketingSupportApplication using Java 17.0.6 with PID 21116 (C:\Clone10.00\nevin-zachariah\Assement4Prpoject\CustomerTicketingSupport\target\classes started by NevinZachariah(Inter in C:\Clone10.00\nevin-zachariah\Assement4Prpoject\CustomerTicketingSupport)
2023-10-09T16:29:18.978+05:30  INFO 21116 --- [main] .b.t.CustomerTicketingSupportApplication : No active profile set, falling back to 1 default profile: "default"
2023-10-09T16:29:19.512+05:30  INFO 21116 --- [main] .s.d.r.c.RepositoryConfigurationDelegate : Bootstrapping Spring Data JPA repositories in DEFAULT mode.
2023-10-09T16:29:19.592+05:30  INFO 21116 --- [main] .s.d.r.c.RepositoryConfigurationDelegate : Finished Spring Data repository scanning in 71 ms. Found 7 JPA repository interfaces.
2023-10-09T16:29:20.054+05:30  INFO 21116 --- [main] o.s.b.w.embedded.tomcat.TomcatWebServer  : Tomcat initialized with port(s): 8080 (http)
2023-10-09T16:29:20.066+05:30  INFO 21116 --- [main] o.apache.catalina.core.StandardService   : Starting service [Tomcat]
2023-10-09T16:29:20.067+05:30  INFO 21116 --- [main] o.apache.catalina.core.StandardEngine    : Starting Servlet engine: [Apache Tomcat/10.1.8]
2023-10-09T16:29:20.158+05:30  INFO 21116 --- [main] o.a.c.c.C.[Tomcat].[localhost].[/]       : Initializing Spring embedded WebApplicationContext
2023-10-09T16:29:20.158+05:30  INFO 21116 --- [main] w.s.c.ServletWebServerApplicationContext : Root WebApplicationContext: initialization completed in 1140 ms
2023-10-09T16:29:20.344+05:30  INFO 21116 --- [main] o.hibernate.jpa.internal.util.LogHelper  : HHH000204: Processing PersistenceUnitInfo [name: default]
2023-10-09T16:29:20.414+05:30  INFO 21116 --- [main] org.hibernate.Version                    : HHH000412: Hibernate ORM core version 6.2.2.Final
2023-10-09T16:29:20.417+05:30  INFO 21116 --- [main] org.hibernate.cfg.Environment            : HHH000406: Using bytecode reflection optimizer
2023-10-09T16:29:20.558+05:30  INFO 21116 --- [main] o.h.b.i.BytecodeProviderInitiator        : HHH000021: Bytecode provider name : bytebuddy
2023-10-09T16:29:20.716+05:30  INFO 21116 --- [main] o.s.o.j.p.SpringPersistenceUnitInfo      : No LoadTimeWeaver setup: ignoring JPA class transformer
2023-10-09T16:29:20.739+05:30  INFO 21116 --- [main] com.zaxxer.hikari.HikariDataSource       : HikariPool-1 - Starting...
2023-10-09T16:29:20.919+05:30  INFO 21116 --- [main] com.zaxxer.hikari.pool.HikariPool        : HikariPool-1 - Added connection org.postgresql.jdbc.PgConnection@49e479da
2023-10-09T16:29:20.921+05:30  INFO 21116 --- [main] com.zaxxer.hikari.HikariDataSource       : HikariPool-1 - Start completed.
2023-10-09T16:29:20.955+05:30  INFO 21116 --- [main] org.hibernate.orm.dialect                : HHH035001: Using dialect: org.hibernate.dialect.PostgreSQLDialect, version: org.hibernate.engine.jdbc.env.internal.JdbcEnvironmentInitiator$DialectResolutionInfoImpl@5c8ab9de
2023-10-09T16:29:21.262+05:30  INFO 21116 --- [main] o.h.b.i.BytecodeProviderInitiator        : HHH000021: Bytecode provider name : bytebuddy
2023-10-09T16:29:22.071+05:30  INFO 21116 --- [main] o.h.e.t.j.p.i.JtaPlatformInitiator       : HHH000490: Using JtaPlatform implementation: [org.hibernate.engine.transaction.jta.platform.internal.NoJtaPlatform]
2023-10-09T16:29:22.253+05:30  INFO 21116 --- [main] j.LocalContainerEntityManagerFactoryBean : Initialized JPA EntityManagerFactory for persistence unit 'default'
2023-10-09T16:29:22.676+05:30  INFO 21116 --- [main] o.s.d.j.r.query.QueryEnhancerFactory     : Hibernate is in classpath; If applicable, HQL parser will be used.
2023-10-09T16:29:23.170+05:30  WARN 21116 --- [main] JpaBaseConfiguration$JpaWebConfiguration : spring.jpa.open-in-view is enabled by default. Therefore, database queries may be performed during view rendering. Explicitly configure spring.jpa.open-in-view to disable this warning
2023-10-09T16:29:23.453+05:30  WARN 21116 --- [main] ConfigServletWebServerApplicationContext : Exception encountered during context initialization - cancelling refresh attempt: org.springframework.context.ApplicationContextException: Failed to start bean 'webServerStartStop'
2023-10-09T16:29:23.455+05:30  INFO 21116 --- [main] j.LocalContainerEntityManagerFactoryBean : Closing JPA EntityManagerFactory for persistence unit 'default'
2023-10-09T16:29:23.457+05:30  INFO 21116 --- [main] com.zaxxer.hikari.HikariDataSource       : HikariPool-1 - Shutdown initiated...
2023-10-09T16:29:23.462+05:30  INFO 21116 --- [main] com.zaxxer.hikari.HikariDataSource       : HikariPool-1 - Shutdown completed.
2023-10-09T16:29:23.466+05:30  INFO 21116 --- [main] o.apache.catalina.core.StandardService   : Stopping service [Tomcat]
2023-10-09T16:29:23.479+05:30  INFO 21116 --- [main] .s.b.a.l.ConditionEvaluationReportLogger : 

Error starting ApplicationContext. To display the condition evaluation report re-run your application with 'debug' enabled.
2023-10-09T16:29:23.496+05:30 ERROR 21116 --- [main] o.s.b.d.LoggingFailureAnalysisReporter   : 

***************************
APPLICATION FAILED TO START
***************************

Description:

Web server failed to start. Port 8080 was already in use.

Action:

Identify and stop the process that's listening on port 8080 or configure this application to listen on another port.

2023-10-09T16:29:28.492+05:30  INFO 21516 --- [RMI TCP Connection(12)-127.0.0.1] inMXBeanRegistrar$SpringApplicationAdmin : Application shutdown requested.
2023-10-09T16:29:28.509+05:30  INFO 21516 --- [RMI TCP Connection(12)-127.0.0.1] o.apache.catalina.core.StandardService   : Stopping service [Tomcat]
2023-10-09T16:29:28.511+05:30  INFO 21516 --- [RMI TCP Connection(12)-127.0.0.1] o.a.c.c.C.[Tomcat].[localhost].[/]       : Destroying Spring FrameworkServlet 'dispatcherServlet'
2023-10-09T16:29:28.520+05:30  INFO 21516 --- [RMI TCP Connection(12)-127.0.0.1] j.LocalContainerEntityManagerFactoryBean : Closing JPA EntityManagerFactory for persistence unit 'default'
2023-10-09T16:29:28.522+05:30  INFO 21516 --- [RMI TCP Connection(12)-127.0.0.1] com.zaxxer.hikari.HikariDataSource       : HikariPool-1 - Shutdown initiated...
2023-10-09T16:29:28.527+05:30  INFO 21516 --- [RMI TCP Connection(12)-127.0.0.1] com.zaxxer.hikari.HikariDataSource       : HikariPool-1 - Shutdown completed.
2023-10-09T16:29:37.646+05:30  INFO 12060 --- [main] .b.t.CustomerTicketingSupportApplication : Starting CustomerTicketingSupportApplication using Java 17.0.6 with PID 12060 (C:\Clone10.00\nevin-zachariah\Assement4Prpoject\CustomerTicketingSupport\target\classes started by NevinZachariah(Inter in C:\Clone10.00\nevin-zachariah\Assement4Prpoject\CustomerTicketingSupport)
2023-10-09T16:29:37.649+05:30  INFO 12060 --- [main] .b.t.CustomerTicketingSupportApplication : No active profile set, falling back to 1 default profile: "default"
2023-10-09T16:29:38.181+05:30  INFO 12060 --- [main] .s.d.r.c.RepositoryConfigurationDelegate : Bootstrapping Spring Data JPA repositories in DEFAULT mode.
2023-10-09T16:29:38.266+05:30  INFO 12060 --- [main] .s.d.r.c.RepositoryConfigurationDelegate : Finished Spring Data repository scanning in 74 ms. Found 7 JPA repository interfaces.
2023-10-09T16:29:38.694+05:30  INFO 12060 --- [main] o.s.b.w.embedded.tomcat.TomcatWebServer  : Tomcat initialized with port(s): 8080 (http)
2023-10-09T16:29:38.707+05:30  INFO 12060 --- [main] o.apache.catalina.core.StandardService   : Starting service [Tomcat]
2023-10-09T16:29:38.707+05:30  INFO 12060 --- [main] o.apache.catalina.core.StandardEngine    : Starting Servlet engine: [Apache Tomcat/10.1.8]
2023-10-09T16:29:38.796+05:30  INFO 12060 --- [main] o.a.c.c.C.[Tomcat].[localhost].[/]       : Initializing Spring embedded WebApplicationContext
2023-10-09T16:29:38.796+05:30  INFO 12060 --- [main] w.s.c.ServletWebServerApplicationContext : Root WebApplicationContext: initialization completed in 1107 ms
2023-10-09T16:29:38.994+05:30  INFO 12060 --- [main] o.hibernate.jpa.internal.util.LogHelper  : HHH000204: Processing PersistenceUnitInfo [name: default]
2023-10-09T16:29:39.052+05:30  INFO 12060 --- [main] org.hibernate.Version                    : HHH000412: Hibernate ORM core version 6.2.2.Final
2023-10-09T16:29:39.055+05:30  INFO 12060 --- [main] org.hibernate.cfg.Environment            : HHH000406: Using bytecode reflection optimizer
2023-10-09T16:29:39.219+05:30  INFO 12060 --- [main] o.h.b.i.BytecodeProviderInitiator        : HHH000021: Bytecode provider name : bytebuddy
2023-10-09T16:29:39.396+05:30  INFO 12060 --- [main] o.s.o.j.p.SpringPersistenceUnitInfo      : No LoadTimeWeaver setup: ignoring JPA class transformer
2023-10-09T16:29:39.417+05:30  INFO 12060 --- [main] com.zaxxer.hikari.HikariDataSource       : HikariPool-1 - Starting...
2023-10-09T16:29:39.601+05:30  INFO 12060 --- [main] com.zaxxer.hikari.pool.HikariPool        : HikariPool-1 - Added connection org.postgresql.jdbc.PgConnection@58e03769
2023-10-09T16:29:39.603+05:30  INFO 12060 --- [main] com.zaxxer.hikari.HikariDataSource       : HikariPool-1 - Start completed.
2023-10-09T16:29:39.639+05:30  INFO 12060 --- [main] org.hibernate.orm.dialect                : HHH035001: Using dialect: org.hibernate.dialect.PostgreSQLDialect, version: org.hibernate.engine.jdbc.env.internal.JdbcEnvironmentInitiator$DialectResolutionInfoImpl@45e11627
2023-10-09T16:29:39.971+05:30  INFO 12060 --- [main] o.h.b.i.BytecodeProviderInitiator        : HHH000021: Bytecode provider name : bytebuddy
2023-10-09T16:29:40.929+05:30  INFO 12060 --- [main] o.h.e.t.j.p.i.JtaPlatformInitiator       : HHH000490: Using JtaPlatform implementation: [org.hibernate.engine.transaction.jta.platform.internal.NoJtaPlatform]
2023-10-09T16:29:41.135+05:30  INFO 12060 --- [main] j.LocalContainerEntityManagerFactoryBean : Initialized JPA EntityManagerFactory for persistence unit 'default'
2023-10-09T16:29:41.591+05:30  INFO 12060 --- [main] o.s.d.j.r.query.QueryEnhancerFactory     : Hibernate is in classpath; If applicable, HQL parser will be used.
2023-10-09T16:29:42.102+05:30  WARN 12060 --- [main] JpaBaseConfiguration$JpaWebConfiguration : spring.jpa.open-in-view is enabled by default. Therefore, database queries may be performed during view rendering. Explicitly configure spring.jpa.open-in-view to disable this warning
2023-10-09T16:29:42.413+05:30  INFO 12060 --- [main] o.s.b.w.embedded.tomcat.TomcatWebServer  : Tomcat started on port(s): 8080 (http) with context path ''
2023-10-09T16:29:42.424+05:30  INFO 12060 --- [main] .b.t.CustomerTicketingSupportApplication : Started CustomerTicketingSupportApplication in 5.205 seconds (process running for 6.15)
2023-10-09T16:29:48.276+05:30  INFO 12060 --- [http-nio-8080-exec-2] o.a.c.c.C.[Tomcat].[localhost].[/]       : Initializing Spring DispatcherServlet 'dispatcherServlet'
2023-10-09T16:29:48.277+05:30  INFO 12060 --- [http-nio-8080-exec-2] o.s.web.servlet.DispatcherServlet        : Initializing Servlet 'dispatcherServlet'
2023-10-09T16:29:48.279+05:30  INFO 12060 --- [http-nio-8080-exec-2] o.s.web.servlet.DispatcherServlet        : Completed initialization in 2 ms
2023-10-09T16:35:19.551+05:30  INFO 6996 --- [main] .b.t.CustomerTicketingSupportApplication : Starting CustomerTicketingSupportApplication using Java 17.0.6 with PID 6996 (C:\Clone10.00\nevin-zachariah\Assement4Prpoject\CustomerTicketingSupport\target\classes started by NevinZachariah(Inter in C:\Clone10.00\nevin-zachariah\Assement4Prpoject\CustomerTicketingSupport)
2023-10-09T16:35:19.554+05:30  INFO 6996 --- [main] .b.t.CustomerTicketingSupportApplication : No active profile set, falling back to 1 default profile: "default"
2023-10-09T16:35:20.272+05:30  INFO 6996 --- [main] .s.d.r.c.RepositoryConfigurationDelegate : Bootstrapping Spring Data JPA repositories in DEFAULT mode.
2023-10-09T16:35:20.369+05:30  INFO 6996 --- [main] .s.d.r.c.RepositoryConfigurationDelegate : Finished Spring Data repository scanning in 85 ms. Found 7 JPA repository interfaces.
2023-10-09T16:35:20.878+05:30  INFO 6996 --- [main] o.s.b.w.embedded.tomcat.TomcatWebServer  : Tomcat initialized with port(s): 8080 (http)
2023-10-09T16:35:20.888+05:30  INFO 6996 --- [main] o.apache.catalina.core.StandardService   : Starting service [Tomcat]
2023-10-09T16:35:20.889+05:30  INFO 6996 --- [main] o.apache.catalina.core.StandardEngine    : Starting Servlet engine: [Apache Tomcat/10.1.8]
2023-10-09T16:35:20.979+05:30  INFO 6996 --- [main] o.a.c.c.C.[Tomcat].[localhost].[/]       : Initializing Spring embedded WebApplicationContext
2023-10-09T16:35:20.979+05:30  INFO 6996 --- [main] w.s.c.ServletWebServerApplicationContext : Root WebApplicationContext: initialization completed in 1378 ms
2023-10-09T16:35:21.153+05:30  INFO 6996 --- [main] o.hibernate.jpa.internal.util.LogHelper  : HHH000204: Processing PersistenceUnitInfo [name: default]
2023-10-09T16:35:21.202+05:30  INFO 6996 --- [main] org.hibernate.Version                    : HHH000412: Hibernate ORM core version 6.2.2.Final
2023-10-09T16:35:21.206+05:30  INFO 6996 --- [main] org.hibernate.cfg.Environment            : HHH000406: Using bytecode reflection optimizer
2023-10-09T16:35:21.392+05:30  INFO 6996 --- [main] o.h.b.i.BytecodeProviderInitiator        : HHH000021: Bytecode provider name : bytebuddy
2023-10-09T16:35:21.598+05:30  INFO 6996 --- [main] o.s.o.j.p.SpringPersistenceUnitInfo      : No LoadTimeWeaver setup: ignoring JPA class transformer
2023-10-09T16:35:21.619+05:30  INFO 6996 --- [main] com.zaxxer.hikari.HikariDataSource       : HikariPool-1 - Starting...
2023-10-09T16:35:21.833+05:30  INFO 6996 --- [main] com.zaxxer.hikari.pool.HikariPool        : HikariPool-1 - Added connection org.postgresql.jdbc.PgConnection@49e479da
2023-10-09T16:35:21.836+05:30  INFO 6996 --- [main] com.zaxxer.hikari.HikariDataSource       : HikariPool-1 - Start completed.
2023-10-09T16:35:21.877+05:30  INFO 6996 --- [main] org.hibernate.orm.dialect                : HHH035001: Using dialect: org.hibernate.dialect.PostgreSQLDialect, version: org.hibernate.engine.jdbc.env.internal.JdbcEnvironmentInitiator$DialectResolutionInfoImpl@5c8ab9de
2023-10-09T16:35:22.190+05:30  INFO 6996 --- [main] o.h.b.i.BytecodeProviderInitiator        : HHH000021: Bytecode provider name : bytebuddy
2023-10-09T16:35:23.142+05:30  INFO 6996 --- [main] o.h.e.t.j.p.i.JtaPlatformInitiator       : HHH000490: Using JtaPlatform implementation: [org.hibernate.engine.transaction.jta.platform.internal.NoJtaPlatform]
2023-10-09T16:35:23.397+05:30  INFO 6996 --- [main] j.LocalContainerEntityManagerFactoryBean : Initialized JPA EntityManagerFactory for persistence unit 'default'
2023-10-09T16:35:23.891+05:30  INFO 6996 --- [main] o.s.d.j.r.query.QueryEnhancerFactory     : Hibernate is in classpath; If applicable, HQL parser will be used.
2023-10-09T16:35:24.557+05:30  WARN 6996 --- [main] JpaBaseConfiguration$JpaWebConfiguration : spring.jpa.open-in-view is enabled by default. Therefore, database queries may be performed during view rendering. Explicitly configure spring.jpa.open-in-view to disable this warning
2023-10-09T16:35:24.995+05:30  INFO 6996 --- [main] o.s.b.w.embedded.tomcat.TomcatWebServer  : Tomcat started on port(s): 8080 (http) with context path ''
2023-10-09T16:35:25.007+05:30  INFO 6996 --- [main] .b.t.CustomerTicketingSupportApplication : Started CustomerTicketingSupportApplication in 5.914 seconds (process running for 6.923)
2023-10-09T16:36:10.828+05:30  INFO 6996 --- [http-nio-8080-exec-3] o.a.c.c.C.[Tomcat].[localhost].[/]       : Initializing Spring DispatcherServlet 'dispatcherServlet'
2023-10-09T16:36:10.828+05:30  INFO 6996 --- [http-nio-8080-exec-3] o.s.web.servlet.DispatcherServlet        : Initializing Servlet 'dispatcherServlet'
2023-10-09T16:36:10.836+05:30  INFO 6996 --- [http-nio-8080-exec-3] o.s.web.servlet.DispatcherServlet        : Completed initialization in 8 ms
2023-10-09T16:36:44.976+05:30  INFO 10496 --- [main] .b.t.CustomerTicketingSupportApplication : Starting CustomerTicketingSupportApplication using Java 17.0.6 with PID 10496 (C:\Clone10.00\nevin-zachariah\Assement4Prpoject\CustomerTicketingSupport\target\classes started by NevinZachariah(Inter in C:\Clone10.00\nevin-zachariah\Assement4Prpoject\CustomerTicketingSupport)
2023-10-09T16:36:44.979+05:30  INFO 10496 --- [main] .b.t.CustomerTicketingSupportApplication : No active profile set, falling back to 1 default profile: "default"
2023-10-09T16:36:45.613+05:30  INFO 10496 --- [main] .s.d.r.c.RepositoryConfigurationDelegate : Bootstrapping Spring Data JPA repositories in DEFAULT mode.
2023-10-09T16:36:45.722+05:30  INFO 10496 --- [main] .s.d.r.c.RepositoryConfigurationDelegate : Finished Spring Data repository scanning in 88 ms. Found 7 JPA repository interfaces.
2023-10-09T16:36:46.296+05:30  INFO 10496 --- [main] o.s.b.w.embedded.tomcat.TomcatWebServer  : Tomcat initialized with port(s): 8080 (http)
2023-10-09T16:36:46.311+05:30  INFO 10496 --- [main] o.apache.catalina.core.StandardService   : Starting service [Tomcat]
2023-10-09T16:36:46.312+05:30  INFO 10496 --- [main] o.apache.catalina.core.StandardEngine    : Starting Servlet engine: [Apache Tomcat/10.1.8]
2023-10-09T16:36:46.417+05:30  INFO 10496 --- [main] o.a.c.c.C.[Tomcat].[localhost].[/]       : Initializing Spring embedded WebApplicationContext
2023-10-09T16:36:46.417+05:30  INFO 10496 --- [main] w.s.c.ServletWebServerApplicationContext : Root WebApplicationContext: initialization completed in 1388 ms
2023-10-09T16:36:46.599+05:30  INFO 10496 --- [main] o.hibernate.jpa.internal.util.LogHelper  : HHH000204: Processing PersistenceUnitInfo [name: default]
2023-10-09T16:36:46.664+05:30  INFO 10496 --- [main] org.hibernate.Version                    : HHH000412: Hibernate ORM core version 6.2.2.Final
2023-10-09T16:36:46.667+05:30  INFO 10496 --- [main] org.hibernate.cfg.Environment            : HHH000406: Using bytecode reflection optimizer
2023-10-09T16:36:46.823+05:30  INFO 10496 --- [main] o.h.b.i.BytecodeProviderInitiator        : HHH000021: Bytecode provider name : bytebuddy
2023-10-09T16:36:47.058+05:30  INFO 10496 --- [main] o.s.o.j.p.SpringPersistenceUnitInfo      : No LoadTimeWeaver setup: ignoring JPA class transformer
2023-10-09T16:36:47.085+05:30  INFO 10496 --- [main] com.zaxxer.hikari.HikariDataSource       : HikariPool-1 - Starting...
2023-10-09T16:36:47.299+05:30  INFO 10496 --- [main] com.zaxxer.hikari.pool.HikariPool        : HikariPool-1 - Added connection org.postgresql.jdbc.PgConnection@49e479da
2023-10-09T16:36:47.301+05:30  INFO 10496 --- [main] com.zaxxer.hikari.HikariDataSource       : HikariPool-1 - Start completed.
2023-10-09T16:36:47.350+05:30  INFO 10496 --- [main] org.hibernate.orm.dialect                : HHH035001: Using dialect: org.hibernate.dialect.PostgreSQLDialect, version: org.hibernate.engine.jdbc.env.internal.JdbcEnvironmentInitiator$DialectResolutionInfoImpl@5c8ab9de
2023-10-09T16:36:47.757+05:30  INFO 10496 --- [main] o.h.b.i.BytecodeProviderInitiator        : HHH000021: Bytecode provider name : bytebuddy
2023-10-09T16:36:51.578+05:30  INFO 10496 --- [main] o.h.e.t.j.p.i.JtaPlatformInitiator       : HHH000490: Using JtaPlatform implementation: [org.hibernate.engine.transaction.jta.platform.internal.NoJtaPlatform]
2023-10-09T16:36:51.778+05:30  INFO 10496 --- [main] j.LocalContainerEntityManagerFactoryBean : Initialized JPA EntityManagerFactory for persistence unit 'default'
2023-10-09T16:36:52.295+05:30  INFO 10496 --- [main] o.s.d.j.r.query.QueryEnhancerFactory     : Hibernate is in classpath; If applicable, HQL parser will be used.
2023-10-09T16:36:52.934+05:30  WARN 10496 --- [main] JpaBaseConfiguration$JpaWebConfiguration : spring.jpa.open-in-view is enabled by default. Therefore, database queries may be performed during view rendering. Explicitly configure spring.jpa.open-in-view to disable this warning
2023-10-09T16:36:53.319+05:30  INFO 10496 --- [main] o.s.b.w.embedded.tomcat.TomcatWebServer  : Tomcat started on port(s): 8080 (http) with context path ''
2023-10-09T16:36:53.331+05:30  INFO 10496 --- [main] .b.t.CustomerTicketingSupportApplication : Started CustomerTicketingSupportApplication in 8.813 seconds (process running for 9.716)
2023-10-09T16:37:01.457+05:30  INFO 15776 --- [main] .b.t.CustomerTicketingSupportApplication : Starting CustomerTicketingSupportApplication using Java 17.0.6 with PID 15776 (C:\Clone10.00\nevin-zachariah\Assement4Prpoject\CustomerTicketingSupport\target\classes started by NevinZachariah(Inter in C:\Clone10.00\nevin-zachariah\Assement4Prpoject\CustomerTicketingSupport)
2023-10-09T16:37:01.461+05:30  INFO 15776 --- [main] .b.t.CustomerTicketingSupportApplication : No active profile set, falling back to 1 default profile: "default"
2023-10-09T16:37:02.006+05:30  INFO 15776 --- [main] .s.d.r.c.RepositoryConfigurationDelegate : Bootstrapping Spring Data JPA repositories in DEFAULT mode.
2023-10-09T16:37:02.098+05:30  INFO 15776 --- [main] .s.d.r.c.RepositoryConfigurationDelegate : Finished Spring Data repository scanning in 85 ms. Found 7 JPA repository interfaces.
2023-10-09T16:37:02.669+05:30  INFO 15776 --- [main] o.s.b.w.embedded.tomcat.TomcatWebServer  : Tomcat initialized with port(s): 8080 (http)
2023-10-09T16:37:02.679+05:30  INFO 15776 --- [main] o.apache.catalina.core.StandardService   : Starting service [Tomcat]
2023-10-09T16:37:02.679+05:30  INFO 15776 --- [main] o.apache.catalina.core.StandardEngine    : Starting Servlet engine: [Apache Tomcat/10.1.8]
2023-10-09T16:37:02.782+05:30  INFO 15776 --- [main] o.a.c.c.C.[Tomcat].[localhost].[/]       : Initializing Spring embedded WebApplicationContext
2023-10-09T16:37:02.783+05:30  INFO 15776 --- [main] w.s.c.ServletWebServerApplicationContext : Root WebApplicationContext: initialization completed in 1270 ms
2023-10-09T16:37:02.934+05:30  INFO 15776 --- [main] o.hibernate.jpa.internal.util.LogHelper  : HHH000204: Processing PersistenceUnitInfo [name: default]
2023-10-09T16:37:02.990+05:30  INFO 15776 --- [main] org.hibernate.Version                    : HHH000412: Hibernate ORM core version 6.2.2.Final
2023-10-09T16:37:02.992+05:30  INFO 15776 --- [main] org.hibernate.cfg.Environment            : HHH000406: Using bytecode reflection optimizer
2023-10-09T16:37:03.131+05:30  INFO 15776 --- [main] o.h.b.i.BytecodeProviderInitiator        : HHH000021: Bytecode provider name : bytebuddy
2023-10-09T16:37:03.265+05:30  INFO 15776 --- [main] o.s.o.j.p.SpringPersistenceUnitInfo      : No LoadTimeWeaver setup: ignoring JPA class transformer
2023-10-09T16:37:03.292+05:30  INFO 15776 --- [main] com.zaxxer.hikari.HikariDataSource       : HikariPool-1 - Starting...
2023-10-09T16:37:03.467+05:30  INFO 15776 --- [main] com.zaxxer.hikari.pool.HikariPool        : HikariPool-1 - Added connection org.postgresql.jdbc.PgConnection@794c5f5e
2023-10-09T16:37:03.468+05:30  INFO 15776 --- [main] com.zaxxer.hikari.HikariDataSource       : HikariPool-1 - Start completed.
2023-10-09T16:37:03.504+05:30  INFO 15776 --- [main] org.hibernate.orm.dialect                : HHH035001: Using dialect: org.hibernate.dialect.PostgreSQLDialect, version: org.hibernate.engine.jdbc.env.internal.JdbcEnvironmentInitiator$DialectResolutionInfoImpl@79f1e22e
2023-10-09T16:37:03.771+05:30  INFO 15776 --- [main] o.h.b.i.BytecodeProviderInitiator        : HHH000021: Bytecode provider name : bytebuddy
2023-10-09T16:37:04.651+05:30  INFO 15776 --- [main] o.h.e.t.j.p.i.JtaPlatformInitiator       : HHH000490: Using JtaPlatform implementation: [org.hibernate.engine.transaction.jta.platform.internal.NoJtaPlatform]
2023-10-09T16:37:04.905+05:30  INFO 15776 --- [main] j.LocalContainerEntityManagerFactoryBean : Initialized JPA EntityManagerFactory for persistence unit 'default'
2023-10-09T16:37:05.409+05:30  INFO 15776 --- [main] o.s.d.j.r.query.QueryEnhancerFactory     : Hibernate is in classpath; If applicable, HQL parser will be used.
2023-10-09T16:37:05.984+05:30  WARN 15776 --- [main] JpaBaseConfiguration$JpaWebConfiguration : spring.jpa.open-in-view is enabled by default. Therefore, database queries may be performed during view rendering. Explicitly configure spring.jpa.open-in-view to disable this warning
2023-10-09T16:37:06.376+05:30  INFO 15776 --- [main] o.s.b.w.embedded.tomcat.TomcatWebServer  : Tomcat started on port(s): 8080 (http) with context path ''
2023-10-09T16:37:06.389+05:30  INFO 15776 --- [main] .b.t.CustomerTicketingSupportApplication : Started CustomerTicketingSupportApplication in 5.285 seconds (process running for 6.05)
2023-10-09T16:37:12.874+05:30  INFO 15776 --- [http-nio-8080-exec-1] o.a.c.c.C.[Tomcat].[localhost].[/]       : Initializing Spring DispatcherServlet 'dispatcherServlet'
2023-10-09T16:37:12.874+05:30  INFO 15776 --- [http-nio-8080-exec-1] o.s.web.servlet.DispatcherServlet        : Initializing Servlet 'dispatcherServlet'
2023-10-09T16:37:12.874+05:30  INFO 15776 --- [http-nio-8080-exec-1] o.s.web.servlet.DispatcherServlet        : Completed initialization in 0 ms
2023-10-09T16:43:57.192+05:30  INFO 15776 --- [RMI TCP Connection(16)-127.0.0.1] inMXBeanRegistrar$SpringApplicationAdmin : Application shutdown requested.
2023-10-09T16:43:57.211+05:30  INFO 15776 --- [RMI TCP Connection(16)-127.0.0.1] o.apache.catalina.core.StandardService   : Stopping service [Tomcat]
2023-10-09T16:43:57.212+05:30  INFO 15776 --- [RMI TCP Connection(16)-127.0.0.1] o.a.c.c.C.[Tomcat].[localhost].[/]       : Destroying Spring FrameworkServlet 'dispatcherServlet'
2023-10-09T16:43:57.221+05:30  INFO 15776 --- [RMI TCP Connection(16)-127.0.0.1] j.LocalContainerEntityManagerFactoryBean : Closing JPA EntityManagerFactory for persistence unit 'default'
2023-10-09T16:43:57.224+05:30  INFO 15776 --- [RMI TCP Connection(16)-127.0.0.1] com.zaxxer.hikari.HikariDataSource       : HikariPool-1 - Shutdown initiated...
2023-10-09T16:43:57.228+05:30  INFO 15776 --- [RMI TCP Connection(16)-127.0.0.1] com.zaxxer.hikari.HikariDataSource       : HikariPool-1 - Shutdown completed.
2023-10-09T16:43:59.792+05:30  INFO 14224 --- [main] .b.t.CustomerTicketingSupportApplication : Starting CustomerTicketingSupportApplication using Java 17.0.6 with PID 14224 (C:\Clone10.00\nevin-zachariah\Assement4Prpoject\CustomerTicketingSupport\target\classes started by NevinZachariah(Inter in C:\Clone10.00\nevin-zachariah\Assement4Prpoject\CustomerTicketingSupport)
2023-10-09T16:43:59.795+05:30  INFO 14224 --- [main] .b.t.CustomerTicketingSupportApplication : No active profile set, falling back to 1 default profile: "default"
2023-10-09T16:44:00.399+05:30  INFO 14224 --- [main] .s.d.r.c.RepositoryConfigurationDelegate : Bootstrapping Spring Data JPA repositories in DEFAULT mode.
2023-10-09T16:44:00.476+05:30  INFO 14224 --- [main] .s.d.r.c.RepositoryConfigurationDelegate : Finished Spring Data repository scanning in 71 ms. Found 7 JPA repository interfaces.
2023-10-09T16:44:00.973+05:30  INFO 14224 --- [main] o.s.b.w.embedded.tomcat.TomcatWebServer  : Tomcat initialized with port(s): 8080 (http)
2023-10-09T16:44:00.994+05:30  INFO 14224 --- [main] o.apache.catalina.core.StandardService   : Starting service [Tomcat]
2023-10-09T16:44:00.994+05:30  INFO 14224 --- [main] o.apache.catalina.core.StandardEngine    : Starting Servlet engine: [Apache Tomcat/10.1.8]
2023-10-09T16:44:01.130+05:30  INFO 14224 --- [main] o.a.c.c.C.[Tomcat].[localhost].[/]       : Initializing Spring embedded WebApplicationContext
2023-10-09T16:44:01.131+05:30  INFO 14224 --- [main] w.s.c.ServletWebServerApplicationContext : Root WebApplicationContext: initialization completed in 1293 ms
2023-10-09T16:44:01.284+05:30  INFO 14224 --- [main] o.hibernate.jpa.internal.util.LogHelper  : HHH000204: Processing PersistenceUnitInfo [name: default]
2023-10-09T16:44:01.331+05:30  INFO 14224 --- [main] org.hibernate.Version                    : HHH000412: Hibernate ORM core version 6.2.2.Final
2023-10-09T16:44:01.334+05:30  INFO 14224 --- [main] org.hibernate.cfg.Environment            : HHH000406: Using bytecode reflection optimizer
2023-10-09T16:44:01.470+05:30  INFO 14224 --- [main] o.h.b.i.BytecodeProviderInitiator        : HHH000021: Bytecode provider name : bytebuddy
2023-10-09T16:44:01.592+05:30  INFO 14224 --- [main] o.s.o.j.p.SpringPersistenceUnitInfo      : No LoadTimeWeaver setup: ignoring JPA class transformer
2023-10-09T16:44:01.607+05:30  INFO 14224 --- [main] com.zaxxer.hikari.HikariDataSource       : HikariPool-1 - Starting...
2023-10-09T16:44:01.773+05:30  INFO 14224 --- [main] com.zaxxer.hikari.pool.HikariPool        : HikariPool-1 - Added connection org.postgresql.jdbc.PgConnection@78318ac2
2023-10-09T16:44:01.775+05:30  INFO 14224 --- [main] com.zaxxer.hikari.HikariDataSource       : HikariPool-1 - Start completed.
2023-10-09T16:44:01.801+05:30  INFO 14224 --- [main] org.hibernate.orm.dialect                : HHH035001: Using dialect: org.hibernate.dialect.PostgreSQLDialect, version: org.hibernate.engine.jdbc.env.internal.JdbcEnvironmentInitiator$DialectResolutionInfoImpl@f59da34
2023-10-09T16:44:02.075+05:30  INFO 14224 --- [main] o.h.b.i.BytecodeProviderInitiator        : HHH000021: Bytecode provider name : bytebuddy
2023-10-09T16:44:02.920+05:30  INFO 14224 --- [main] o.h.e.t.j.p.i.JtaPlatformInitiator       : HHH000490: Using JtaPlatform implementation: [org.hibernate.engine.transaction.jta.platform.internal.NoJtaPlatform]
2023-10-09T16:44:03.164+05:30  INFO 14224 --- [main] j.LocalContainerEntityManagerFactoryBean : Initialized JPA EntityManagerFactory for persistence unit 'default'
2023-10-09T16:44:03.516+05:30  INFO 14224 --- [main] o.s.d.j.r.query.QueryEnhancerFactory     : Hibernate is in classpath; If applicable, HQL parser will be used.
2023-10-09T16:44:04.098+05:30  WARN 14224 --- [main] JpaBaseConfiguration$JpaWebConfiguration : spring.jpa.open-in-view is enabled by default. Therefore, database queries may be performed during view rendering. Explicitly configure spring.jpa.open-in-view to disable this warning
2023-10-09T16:44:04.452+05:30  INFO 14224 --- [main] o.s.b.w.embedded.tomcat.TomcatWebServer  : Tomcat started on port(s): 8080 (http) with context path ''
2023-10-09T16:44:04.468+05:30  INFO 14224 --- [main] .b.t.CustomerTicketingSupportApplication : Started CustomerTicketingSupportApplication in 5.14 seconds (process running for 5.89)
2023-10-09T16:44:08.169+05:30  INFO 14224 --- [http-nio-8080-exec-1] o.a.c.c.C.[Tomcat].[localhost].[/]       : Initializing Spring DispatcherServlet 'dispatcherServlet'
2023-10-09T16:44:08.170+05:30  INFO 14224 --- [http-nio-8080-exec-1] o.s.web.servlet.DispatcherServlet        : Initializing Servlet 'dispatcherServlet'
2023-10-09T16:44:08.171+05:30  INFO 14224 --- [http-nio-8080-exec-1] o.s.web.servlet.DispatcherServlet        : Completed initialization in 1 ms
2023-10-09T16:53:44.813+05:30  WARN 14224 --- [HikariPool-1 housekeeper] com.zaxxer.hikari.pool.HikariPool        : HikariPool-1 - Thread starvation or clock leap detected (housekeeper delta=6m42s910ms531s200ns).
2023-10-09T16:57:08.866+05:30  INFO 14224 --- [RMI TCP Connection(19)-127.0.0.1] inMXBeanRegistrar$SpringApplicationAdmin : Application shutdown requested.
2023-10-09T16:57:08.884+05:30  INFO 14224 --- [RMI TCP Connection(19)-127.0.0.1] o.apache.catalina.core.StandardService   : Stopping service [Tomcat]
2023-10-09T16:57:08.886+05:30  INFO 14224 --- [RMI TCP Connection(19)-127.0.0.1] o.a.c.c.C.[Tomcat].[localhost].[/]       : Destroying Spring FrameworkServlet 'dispatcherServlet'
2023-10-09T16:57:08.893+05:30  INFO 14224 --- [RMI TCP Connection(19)-127.0.0.1] j.LocalContainerEntityManagerFactoryBean : Closing JPA EntityManagerFactory for persistence unit 'default'
2023-10-09T16:57:08.895+05:30  INFO 14224 --- [RMI TCP Connection(19)-127.0.0.1] com.zaxxer.hikari.HikariDataSource       : HikariPool-1 - Shutdown initiated...
2023-10-09T16:57:08.903+05:30  INFO 14224 --- [RMI TCP Connection(19)-127.0.0.1] com.zaxxer.hikari.HikariDataSource       : HikariPool-1 - Shutdown completed.
2023-10-09T16:57:13.075+05:30  INFO 2056 --- [main] .b.t.CustomerTicketingSupportApplication : Starting CustomerTicketingSupportApplication using Java 17.0.6 with PID 2056 (C:\Clone10.00\nevin-zachariah\Assement4Prpoject\CustomerTicketingSupport\target\classes started by NevinZachariah(Inter in C:\Clone10.00\nevin-zachariah\Assement4Prpoject\CustomerTicketingSupport)
2023-10-09T16:57:13.078+05:30  INFO 2056 --- [main] .b.t.CustomerTicketingSupportApplication : No active profile set, falling back to 1 default profile: "default"
2023-10-09T16:57:13.683+05:30  INFO 2056 --- [main] .s.d.r.c.RepositoryConfigurationDelegate : Bootstrapping Spring Data JPA repositories in DEFAULT mode.
2023-10-09T16:57:13.764+05:30  INFO 2056 --- [main] .s.d.r.c.RepositoryConfigurationDelegate : Finished Spring Data repository scanning in 72 ms. Found 7 JPA repository interfaces.
2023-10-09T16:57:14.259+05:30  INFO 2056 --- [main] o.s.b.w.embedded.tomcat.TomcatWebServer  : Tomcat initialized with port(s): 8080 (http)
2023-10-09T16:57:14.272+05:30  INFO 2056 --- [main] o.apache.catalina.core.StandardService   : Starting service [Tomcat]
2023-10-09T16:57:14.273+05:30  INFO 2056 --- [main] o.apache.catalina.core.StandardEngine    : Starting Servlet engine: [Apache Tomcat/10.1.8]
2023-10-09T16:57:14.441+05:30  INFO 2056 --- [main] o.a.c.c.C.[Tomcat].[localhost].[/]       : Initializing Spring embedded WebApplicationContext
2023-10-09T16:57:14.442+05:30  INFO 2056 --- [main] w.s.c.ServletWebServerApplicationContext : Root WebApplicationContext: initialization completed in 1325 ms
2023-10-09T16:57:14.612+05:30  INFO 2056 --- [main] o.hibernate.jpa.internal.util.LogHelper  : HHH000204: Processing PersistenceUnitInfo [name: default]
2023-10-09T16:57:14.663+05:30  INFO 2056 --- [main] org.hibernate.Version                    : HHH000412: Hibernate ORM core version 6.2.2.Final
2023-10-09T16:57:14.665+05:30  INFO 2056 --- [main] org.hibernate.cfg.Environment            : HHH000406: Using bytecode reflection optimizer
2023-10-09T16:57:14.779+05:30  INFO 2056 --- [main] o.h.b.i.BytecodeProviderInitiator        : HHH000021: Bytecode provider name : bytebuddy
2023-10-09T16:57:14.898+05:30  INFO 2056 --- [main] o.s.o.j.p.SpringPersistenceUnitInfo      : No LoadTimeWeaver setup: ignoring JPA class transformer
2023-10-09T16:57:14.914+05:30  INFO 2056 --- [main] com.zaxxer.hikari.HikariDataSource       : HikariPool-1 - Starting...
2023-10-09T16:57:15.091+05:30  INFO 2056 --- [main] com.zaxxer.hikari.pool.HikariPool        : HikariPool-1 - Added connection org.postgresql.jdbc.PgConnection@6136e1fc
2023-10-09T16:57:15.092+05:30  INFO 2056 --- [main] com.zaxxer.hikari.HikariDataSource       : HikariPool-1 - Start completed.
2023-10-09T16:57:15.131+05:30  INFO 2056 --- [main] org.hibernate.orm.dialect                : HHH035001: Using dialect: org.hibernate.dialect.PostgreSQLDialect, version: org.hibernate.engine.jdbc.env.internal.JdbcEnvironmentInitiator$DialectResolutionInfoImpl@3df77dfa
2023-10-09T16:57:15.418+05:30  INFO 2056 --- [main] o.h.b.i.BytecodeProviderInitiator        : HHH000021: Bytecode provider name : bytebuddy
2023-10-09T16:57:16.223+05:30  INFO 2056 --- [main] o.h.e.t.j.p.i.JtaPlatformInitiator       : HHH000490: Using JtaPlatform implementation: [org.hibernate.engine.transaction.jta.platform.internal.NoJtaPlatform]
2023-10-09T16:57:16.430+05:30  INFO 2056 --- [main] j.LocalContainerEntityManagerFactoryBean : Initialized JPA EntityManagerFactory for persistence unit 'default'
2023-10-09T16:57:16.787+05:30  INFO 2056 --- [main] o.s.d.j.r.query.QueryEnhancerFactory     : Hibernate is in classpath; If applicable, HQL parser will be used.
2023-10-09T16:57:17.240+05:30  WARN 2056 --- [main] JpaBaseConfiguration$JpaWebConfiguration : spring.jpa.open-in-view is enabled by default. Therefore, database queries may be performed during view rendering. Explicitly configure spring.jpa.open-in-view to disable this warning
2023-10-09T16:57:17.510+05:30  INFO 2056 --- [main] o.s.b.w.embedded.tomcat.TomcatWebServer  : Tomcat started on port(s): 8080 (http) with context path ''
2023-10-09T16:57:17.520+05:30  INFO 2056 --- [main] .b.t.CustomerTicketingSupportApplication : Started CustomerTicketingSupportApplication in 4.932 seconds (process running for 5.612)
2023-10-09T16:57:32.659+05:30  INFO 2056 --- [RMI TCP Connection(6)-127.0.0.1] inMXBeanRegistrar$SpringApplicationAdmin : Application shutdown requested.
2023-10-09T16:57:32.673+05:30  INFO 2056 --- [RMI TCP Connection(6)-127.0.0.1] o.apache.catalina.core.StandardService   : Stopping service [Tomcat]
2023-10-09T16:57:32.681+05:30  INFO 2056 --- [RMI TCP Connection(6)-127.0.0.1] j.LocalContainerEntityManagerFactoryBean : Closing JPA EntityManagerFactory for persistence unit 'default'
2023-10-09T16:57:32.684+05:30  INFO 2056 --- [RMI TCP Connection(6)-127.0.0.1] com.zaxxer.hikari.HikariDataSource       : HikariPool-1 - Shutdown initiated...
2023-10-09T16:57:32.689+05:30  INFO 2056 --- [RMI TCP Connection(6)-127.0.0.1] com.zaxxer.hikari.HikariDataSource       : HikariPool-1 - Shutdown completed.
2023-10-09T16:57:34.902+05:30  INFO 22240 --- [main] .b.t.CustomerTicketingSupportApplication : Starting CustomerTicketingSupportApplication using Java 17.0.6 with PID 22240 (C:\Clone10.00\nevin-zachariah\Assement4Prpoject\CustomerTicketingSupport\target\classes started by NevinZachariah(Inter in C:\Clone10.00\nevin-zachariah\Assement4Prpoject\CustomerTicketingSupport)
2023-10-09T16:57:34.904+05:30  INFO 22240 --- [main] .b.t.CustomerTicketingSupportApplication : No active profile set, falling back to 1 default profile: "default"
2023-10-09T16:57:35.433+05:30  INFO 22240 --- [main] .s.d.r.c.RepositoryConfigurationDelegate : Bootstrapping Spring Data JPA repositories in DEFAULT mode.
2023-10-09T16:57:35.495+05:30  INFO 22240 --- [main] .s.d.r.c.RepositoryConfigurationDelegate : Finished Spring Data repository scanning in 55 ms. Found 7 JPA repository interfaces.
2023-10-09T16:57:35.899+05:30  INFO 22240 --- [main] o.s.b.w.embedded.tomcat.TomcatWebServer  : Tomcat initialized with port(s): 8080 (http)
2023-10-09T16:57:35.906+05:30  INFO 22240 --- [main] o.apache.catalina.core.StandardService   : Starting service [Tomcat]
2023-10-09T16:57:35.906+05:30  INFO 22240 --- [main] o.apache.catalina.core.StandardEngine    : Starting Servlet engine: [Apache Tomcat/10.1.8]
2023-10-09T16:57:36.003+05:30  INFO 22240 --- [main] o.a.c.c.C.[Tomcat].[localhost].[/]       : Initializing Spring embedded WebApplicationContext
2023-10-09T16:57:36.004+05:30  INFO 22240 --- [main] w.s.c.ServletWebServerApplicationContext : Root WebApplicationContext: initialization completed in 1057 ms
2023-10-09T16:57:36.154+05:30  INFO 22240 --- [main] o.hibernate.jpa.internal.util.LogHelper  : HHH000204: Processing PersistenceUnitInfo [name: default]
2023-10-09T16:57:36.204+05:30  INFO 22240 --- [main] org.hibernate.Version                    : HHH000412: Hibernate ORM core version 6.2.2.Final
2023-10-09T16:57:36.209+05:30  INFO 22240 --- [main] org.hibernate.cfg.Environment            : HHH000406: Using bytecode reflection optimizer
2023-10-09T16:57:36.365+05:30  INFO 22240 --- [main] o.h.b.i.BytecodeProviderInitiator        : HHH000021: Bytecode provider name : bytebuddy
2023-10-09T16:57:36.524+05:30  INFO 22240 --- [main] o.s.o.j.p.SpringPersistenceUnitInfo      : No LoadTimeWeaver setup: ignoring JPA class transformer
2023-10-09T16:57:36.547+05:30  INFO 22240 --- [main] com.zaxxer.hikari.HikariDataSource       : HikariPool-1 - Starting...
2023-10-09T16:57:36.731+05:30  INFO 22240 --- [main] com.zaxxer.hikari.pool.HikariPool        : HikariPool-1 - Added connection org.postgresql.jdbc.PgConnection@794c5f5e
2023-10-09T16:57:36.733+05:30  INFO 22240 --- [main] com.zaxxer.hikari.HikariDataSource       : HikariPool-1 - Start completed.
2023-10-09T16:57:36.763+05:30  INFO 22240 --- [main] org.hibernate.orm.dialect                : HHH035001: Using dialect: org.hibernate.dialect.PostgreSQLDialect, version: org.hibernate.engine.jdbc.env.internal.JdbcEnvironmentInitiator$DialectResolutionInfoImpl@79f1e22e
2023-10-09T16:57:37.103+05:30  INFO 22240 --- [main] o.h.b.i.BytecodeProviderInitiator        : HHH000021: Bytecode provider name : bytebuddy
2023-10-09T16:57:37.970+05:30  INFO 22240 --- [main] o.h.e.t.j.p.i.JtaPlatformInitiator       : HHH000490: Using JtaPlatform implementation: [org.hibernate.engine.transaction.jta.platform.internal.NoJtaPlatform]
2023-10-09T16:57:38.213+05:30  INFO 22240 --- [main] j.LocalContainerEntityManagerFactoryBean : Initialized JPA EntityManagerFactory for persistence unit 'default'
2023-10-09T16:57:38.675+05:30  INFO 22240 --- [main] o.s.d.j.r.query.QueryEnhancerFactory     : Hibernate is in classpath; If applicable, HQL parser will be used.
2023-10-09T16:57:39.187+05:30  WARN 22240 --- [main] JpaBaseConfiguration$JpaWebConfiguration : spring.jpa.open-in-view is enabled by default. Therefore, database queries may be performed during view rendering. Explicitly configure spring.jpa.open-in-view to disable this warning
2023-10-09T16:57:39.477+05:30  INFO 22240 --- [main] o.s.b.w.embedded.tomcat.TomcatWebServer  : Tomcat started on port(s): 8080 (http) with context path ''
2023-10-09T16:57:39.485+05:30  INFO 22240 --- [main] .b.t.CustomerTicketingSupportApplication : Started CustomerTicketingSupportApplication in 4.984 seconds (process running for 5.729)
2023-10-09T16:58:14.210+05:30  INFO 22240 --- [RMI TCP Connection(10)-127.0.0.1] inMXBeanRegistrar$SpringApplicationAdmin : Application shutdown requested.
2023-10-09T16:58:14.224+05:30  INFO 22240 --- [RMI TCP Connection(10)-127.0.0.1] o.apache.catalina.core.StandardService   : Stopping service [Tomcat]
2023-10-09T16:58:14.232+05:30  INFO 22240 --- [RMI TCP Connection(10)-127.0.0.1] j.LocalContainerEntityManagerFactoryBean : Closing JPA EntityManagerFactory for persistence unit 'default'
2023-10-09T16:58:14.234+05:30  INFO 22240 --- [RMI TCP Connection(10)-127.0.0.1] com.zaxxer.hikari.HikariDataSource       : HikariPool-1 - Shutdown initiated...
2023-10-09T16:58:14.237+05:30  INFO 22240 --- [RMI TCP Connection(10)-127.0.0.1] com.zaxxer.hikari.HikariDataSource       : HikariPool-1 - Shutdown completed.
2023-10-09T16:58:16.565+05:30  INFO 17224 --- [main] .b.t.CustomerTicketingSupportApplication : Starting CustomerTicketingSupportApplication using Java 17.0.6 with PID 17224 (C:\Clone10.00\nevin-zachariah\Assement4Prpoject\CustomerTicketingSupport\target\classes started by NevinZachariah(Inter in C:\Clone10.00\nevin-zachariah\Assement4Prpoject\CustomerTicketingSupport)
2023-10-09T16:58:16.569+05:30  INFO 17224 --- [main] .b.t.CustomerTicketingSupportApplication : No active profile set, falling back to 1 default profile: "default"
2023-10-09T16:58:17.179+05:30  INFO 17224 --- [main] .s.d.r.c.RepositoryConfigurationDelegate : Bootstrapping Spring Data JPA repositories in DEFAULT mode.
2023-10-09T16:58:17.254+05:30  INFO 17224 --- [main] .s.d.r.c.RepositoryConfigurationDelegate : Finished Spring Data repository scanning in 67 ms. Found 7 JPA repository interfaces.
2023-10-09T16:58:17.672+05:30  INFO 17224 --- [main] o.s.b.w.embedded.tomcat.TomcatWebServer  : Tomcat initialized with port(s): 8080 (http)
2023-10-09T16:58:17.683+05:30  INFO 17224 --- [main] o.apache.catalina.core.StandardService   : Starting service [Tomcat]
2023-10-09T16:58:17.684+05:30  INFO 17224 --- [main] o.apache.catalina.core.StandardEngine    : Starting Servlet engine: [Apache Tomcat/10.1.8]
2023-10-09T16:58:17.777+05:30  INFO 17224 --- [main] o.a.c.c.C.[Tomcat].[localhost].[/]       : Initializing Spring embedded WebApplicationContext
2023-10-09T16:58:17.777+05:30  INFO 17224 --- [main] w.s.c.ServletWebServerApplicationContext : Root WebApplicationContext: initialization completed in 1162 ms
2023-10-09T16:58:17.925+05:30  INFO 17224 --- [main] o.hibernate.jpa.internal.util.LogHelper  : HHH000204: Processing PersistenceUnitInfo [name: default]
2023-10-09T16:58:17.969+05:30  INFO 17224 --- [main] org.hibernate.Version                    : HHH000412: Hibernate ORM core version 6.2.2.Final
2023-10-09T16:58:17.972+05:30  INFO 17224 --- [main] org.hibernate.cfg.Environment            : HHH000406: Using bytecode reflection optimizer
2023-10-09T16:58:18.108+05:30  INFO 17224 --- [main] o.h.b.i.BytecodeProviderInitiator        : HHH000021: Bytecode provider name : bytebuddy
2023-10-09T16:58:18.227+05:30  INFO 17224 --- [main] o.s.o.j.p.SpringPersistenceUnitInfo      : No LoadTimeWeaver setup: ignoring JPA class transformer
2023-10-09T16:58:18.243+05:30  INFO 17224 --- [main] com.zaxxer.hikari.HikariDataSource       : HikariPool-1 - Starting...
2023-10-09T16:58:18.414+05:30  INFO 17224 --- [main] com.zaxxer.hikari.pool.HikariPool        : HikariPool-1 - Added connection org.postgresql.jdbc.PgConnection@1736c1e4
2023-10-09T16:58:18.416+05:30  INFO 17224 --- [main] com.zaxxer.hikari.HikariDataSource       : HikariPool-1 - Start completed.
2023-10-09T16:58:18.445+05:30  INFO 17224 --- [main] org.hibernate.orm.dialect                : HHH035001: Using dialect: org.hibernate.dialect.PostgreSQLDialect, version: org.hibernate.engine.jdbc.env.internal.JdbcEnvironmentInitiator$DialectResolutionInfoImpl@3df77dfa
2023-10-09T16:58:18.753+05:30  INFO 17224 --- [main] o.h.b.i.BytecodeProviderInitiator        : HHH000021: Bytecode provider name : bytebuddy
2023-10-09T16:58:19.511+05:30  INFO 17224 --- [main] o.h.e.t.j.p.i.JtaPlatformInitiator       : HHH000490: Using JtaPlatform implementation: [org.hibernate.engine.transaction.jta.platform.internal.NoJtaPlatform]
2023-10-09T16:58:19.690+05:30  INFO 17224 --- [main] j.LocalContainerEntityManagerFactoryBean : Initialized JPA EntityManagerFactory for persistence unit 'default'
2023-10-09T16:58:20.072+05:30  INFO 17224 --- [main] o.s.d.j.r.query.QueryEnhancerFactory     : Hibernate is in classpath; If applicable, HQL parser will be used.
2023-10-09T16:58:20.631+05:30  WARN 17224 --- [main] JpaBaseConfiguration$JpaWebConfiguration : spring.jpa.open-in-view is enabled by default. Therefore, database queries may be performed during view rendering. Explicitly configure spring.jpa.open-in-view to disable this warning
2023-10-09T16:58:20.951+05:30  INFO 17224 --- [main] o.s.b.w.embedded.tomcat.TomcatWebServer  : Tomcat started on port(s): 8080 (http) with context path ''
2023-10-09T16:58:20.959+05:30  INFO 17224 --- [main] .b.t.CustomerTicketingSupportApplication : Started CustomerTicketingSupportApplication in 4.794 seconds (process running for 5.427)
2023-10-09T16:58:35.777+05:30  INFO 17224 --- [http-nio-8080-exec-1] o.a.c.c.C.[Tomcat].[localhost].[/]       : Initializing Spring DispatcherServlet 'dispatcherServlet'
2023-10-09T16:58:35.778+05:30  INFO 17224 --- [http-nio-8080-exec-1] o.s.web.servlet.DispatcherServlet        : Initializing Servlet 'dispatcherServlet'
2023-10-09T16:58:35.781+05:30  INFO 17224 --- [http-nio-8080-exec-1] o.s.web.servlet.DispatcherServlet        : Completed initialization in 2 ms
2023-10-09T17:03:15.579+05:30  WARN 17224 --- [HikariPool-1 housekeeper] com.zaxxer.hikari.pool.HikariPool        : HikariPool-1 - Thread starvation or clock leap detected (housekeeper delta=1m27s1ms24s800ns).
2023-10-09T17:34:39.296+05:30  WARN 17224 --- [HikariPool-1 housekeeper] com.zaxxer.hikari.pool.HikariPool        : HikariPool-1 - Thread starvation or clock leap detected (housekeeper delta=10m23s423ms24s500ns).
