2023-09-03T18:20:41.536+05:30  INFO 11408 --- [main] .b.t.CustomerTicketingSupportApplication : Starting CustomerTicketingSupportApplication using Java 17.0.6 with PID 11408 (C:\Users\NevinZachariah(Inter\Desktop\CustomerTicketing1308\nevin-zachariah\Assessment2\CustomerTicketingSupport\target\classes started by NevinZachariah(Inter in C:\Users\NevinZachariah(Inter\Desktop\CustomerTicketing1308\nevin-zachariah\Assessment2\CustomerTicketingSupport)
2023-09-03T18:20:41.541+05:30  INFO 11408 --- [main] .b.t.CustomerTicketingSupportApplication : No active profile set, falling back to 1 default profile: "default"
2023-09-03T18:20:42.048+05:30  INFO 11408 --- [main] .s.d.r.c.RepositoryConfigurationDelegate : Bootstrapping Spring Data JPA repositories in DEFAULT mode.
2023-09-03T18:20:42.117+05:30  INFO 11408 --- [main] .s.d.r.c.RepositoryConfigurationDelegate : Finished Spring Data repository scanning in 64 ms. Found 7 JPA repository interfaces.
2023-09-03T18:20:42.479+05:30  INFO 11408 --- [main] o.s.b.w.embedded.tomcat.TomcatWebServer  : Tomcat initialized with port(s): 8080 (http)
2023-09-03T18:20:42.487+05:30  INFO 11408 --- [main] o.apache.catalina.core.StandardService   : Starting service [Tomcat]
2023-09-03T18:20:42.487+05:30  INFO 11408 --- [main] o.apache.catalina.core.StandardEngine    : Starting Servlet engine: [Apache Tomcat/10.1.8]
2023-09-03T18:20:42.583+05:30  INFO 11408 --- [main] o.a.c.c.C.[Tomcat].[localhost].[/]       : Initializing Spring embedded WebApplicationContext
2023-09-03T18:20:42.583+05:30  INFO 11408 --- [main] w.s.c.ServletWebServerApplicationContext : Root WebApplicationContext: initialization completed in 995 ms
2023-09-03T18:20:42.696+05:30  INFO 11408 --- [main] o.hibernate.jpa.internal.util.LogHelper  : HHH000204: Processing PersistenceUnitInfo [name: default]
2023-09-03T18:20:42.734+05:30  INFO 11408 --- [main] org.hibernate.Version                    : HHH000412: Hibernate ORM core version 6.2.2.Final
2023-09-03T18:20:42.736+05:30  INFO 11408 --- [main] org.hibernate.cfg.Environment            : HHH000406: Using bytecode reflection optimizer
2023-09-03T18:20:42.828+05:30  INFO 11408 --- [main] o.h.b.i.BytecodeProviderInitiator        : HHH000021: Bytecode provider name : bytebuddy
2023-09-03T18:20:42.930+05:30  INFO 11408 --- [main] o.s.o.j.p.SpringPersistenceUnitInfo      : No LoadTimeWeaver setup: ignoring JPA class transformer
2023-09-03T18:20:42.942+05:30  INFO 11408 --- [main] com.zaxxer.hikari.HikariDataSource       : HikariPool-1 - Starting...
2023-09-03T18:20:43.103+05:30  INFO 11408 --- [main] com.zaxxer.hikari.pool.HikariPool        : HikariPool-1 - Added connection org.postgresql.jdbc.PgConnection@1736c1e4
2023-09-03T18:20:43.104+05:30  INFO 11408 --- [main] com.zaxxer.hikari.HikariDataSource       : HikariPool-1 - Start completed.
2023-09-03T18:20:43.132+05:30  INFO 11408 --- [main] org.hibernate.orm.dialect                : HHH035001: Using dialect: org.hibernate.dialect.PostgreSQLDialect, version: org.hibernate.engine.jdbc.env.internal.JdbcEnvironmentInitiator$DialectResolutionInfoImpl@3df77dfa
2023-09-03T18:20:43.377+05:30  INFO 11408 --- [main] o.h.b.i.BytecodeProviderInitiator        : HHH000021: Bytecode provider name : bytebuddy
2023-09-03T18:20:44.033+05:30  INFO 11408 --- [main] o.h.e.t.j.p.i.JtaPlatformInitiator       : HHH000490: Using JtaPlatform implementation: [org.hibernate.engine.transaction.jta.platform.internal.NoJtaPlatform]
2023-09-03T18:20:44.225+05:30  INFO 11408 --- [main] j.LocalContainerEntityManagerFactoryBean : Initialized JPA EntityManagerFactory for persistence unit 'default'
2023-09-03T18:20:44.549+05:30  INFO 11408 --- [main] o.s.d.j.r.query.QueryEnhancerFactory     : Hibernate is in classpath; If applicable, HQL parser will be used.
2023-09-03T18:20:44.933+05:30  WARN 11408 --- [main] JpaBaseConfiguration$JpaWebConfiguration : spring.jpa.open-in-view is enabled by default. Therefore, database queries may be performed during view rendering. Explicitly configure spring.jpa.open-in-view to disable this warning
2023-09-03T18:20:45.202+05:30  INFO 11408 --- [main] o.s.b.w.embedded.tomcat.TomcatWebServer  : Tomcat started on port(s): 8080 (http) with context path ''
2023-09-03T18:20:45.211+05:30  INFO 11408 --- [main] .b.t.CustomerTicketingSupportApplication : Started CustomerTicketingSupportApplication in 4.087 seconds (process running for 4.75)
2023-09-03T18:20:59.726+05:30  INFO 11408 --- [http-nio-8080-exec-1] o.a.c.c.C.[Tomcat].[localhost].[/]       : Initializing Spring DispatcherServlet 'dispatcherServlet'
2023-09-03T18:20:59.726+05:30  INFO 11408 --- [http-nio-8080-exec-1] o.s.web.servlet.DispatcherServlet        : Initializing Servlet 'dispatcherServlet'
2023-09-03T18:20:59.726+05:30  INFO 11408 --- [http-nio-8080-exec-1] o.s.web.servlet.DispatcherServlet        : Completed initialization in 0 ms
2023-09-03T18:21:41.724+05:30  INFO 18936 --- [main] .b.t.CustomerTicketingSupportApplication : Starting CustomerTicketingSupportApplication using Java 17.0.6 with PID 18936 (C:\Users\NevinZachariah(Inter\Desktop\CustomerTicketing1308\nevin-zachariah\Assessment2\CustomerTicketingSupport\target\classes started by NevinZachariah(Inter in C:\Users\NevinZachariah(Inter\Desktop\CustomerTicketing1308\nevin-zachariah\Assessment2\CustomerTicketingSupport)
2023-09-03T18:21:41.728+05:30  INFO 18936 --- [main] .b.t.CustomerTicketingSupportApplication : No active profile set, falling back to 1 default profile: "default"
2023-09-03T18:21:42.209+05:30  INFO 18936 --- [main] .s.d.r.c.RepositoryConfigurationDelegate : Bootstrapping Spring Data JPA repositories in DEFAULT mode.
2023-09-03T18:21:42.279+05:30  INFO 18936 --- [main] .s.d.r.c.RepositoryConfigurationDelegate : Finished Spring Data repository scanning in 63 ms. Found 7 JPA repository interfaces.
2023-09-03T18:21:42.668+05:30  INFO 18936 --- [main] o.s.b.w.embedded.tomcat.TomcatWebServer  : Tomcat initialized with port(s): 8080 (http)
2023-09-03T18:21:42.675+05:30  INFO 18936 --- [main] o.apache.catalina.core.StandardService   : Starting service [Tomcat]
2023-09-03T18:21:42.676+05:30  INFO 18936 --- [main] o.apache.catalina.core.StandardEngine    : Starting Servlet engine: [Apache Tomcat/10.1.8]
2023-09-03T18:21:42.766+05:30  INFO 18936 --- [main] o.a.c.c.C.[Tomcat].[localhost].[/]       : Initializing Spring embedded WebApplicationContext
2023-09-03T18:21:42.766+05:30  INFO 18936 --- [main] w.s.c.ServletWebServerApplicationContext : Root WebApplicationContext: initialization completed in 1001 ms
2023-09-03T18:21:42.881+05:30  INFO 18936 --- [main] o.hibernate.jpa.internal.util.LogHelper  : HHH000204: Processing PersistenceUnitInfo [name: default]
2023-09-03T18:21:42.916+05:30  INFO 18936 --- [main] org.hibernate.Version                    : HHH000412: Hibernate ORM core version 6.2.2.Final
2023-09-03T18:21:42.918+05:30  INFO 18936 --- [main] org.hibernate.cfg.Environment            : HHH000406: Using bytecode reflection optimizer
2023-09-03T18:21:43.013+05:30  INFO 18936 --- [main] o.h.b.i.BytecodeProviderInitiator        : HHH000021: Bytecode provider name : bytebuddy
2023-09-03T18:21:43.104+05:30  INFO 18936 --- [main] o.s.o.j.p.SpringPersistenceUnitInfo      : No LoadTimeWeaver setup: ignoring JPA class transformer
2023-09-03T18:21:43.115+05:30  INFO 18936 --- [main] com.zaxxer.hikari.HikariDataSource       : HikariPool-1 - Starting...
2023-09-03T18:21:43.366+05:30  INFO 18936 --- [main] com.zaxxer.hikari.pool.HikariPool        : HikariPool-1 - Added connection org.postgresql.jdbc.PgConnection@4cd7d5e1
2023-09-03T18:21:43.369+05:30  INFO 18936 --- [main] com.zaxxer.hikari.HikariDataSource       : HikariPool-1 - Start completed.
2023-09-03T18:21:43.396+05:30  INFO 18936 --- [main] org.hibernate.orm.dialect                : HHH035001: Using dialect: org.hibernate.dialect.PostgreSQLDialect, version: org.hibernate.engine.jdbc.env.internal.JdbcEnvironmentInitiator$DialectResolutionInfoImpl@fcf9525
2023-09-03T18:21:43.657+05:30  INFO 18936 --- [main] o.h.b.i.BytecodeProviderInitiator        : HHH000021: Bytecode provider name : bytebuddy
2023-09-03T18:21:44.324+05:30  INFO 18936 --- [main] o.h.e.t.j.p.i.JtaPlatformInitiator       : HHH000490: Using JtaPlatform implementation: [org.hibernate.engine.transaction.jta.platform.internal.NoJtaPlatform]
2023-09-03T18:21:44.507+05:30  INFO 18936 --- [main] j.LocalContainerEntityManagerFactoryBean : Initialized JPA EntityManagerFactory for persistence unit 'default'
2023-09-03T18:21:44.834+05:30  INFO 18936 --- [main] o.s.d.j.r.query.QueryEnhancerFactory     : Hibernate is in classpath; If applicable, HQL parser will be used.
2023-09-03T18:21:45.230+05:30  WARN 18936 --- [main] JpaBaseConfiguration$JpaWebConfiguration : spring.jpa.open-in-view is enabled by default. Therefore, database queries may be performed during view rendering. Explicitly configure spring.jpa.open-in-view to disable this warning
2023-09-03T18:21:45.481+05:30  WARN 18936 --- [main] ConfigServletWebServerApplicationContext : Exception encountered during context initialization - cancelling refresh attempt: org.springframework.context.ApplicationContextException: Failed to start bean 'webServerStartStop'
2023-09-03T18:21:45.484+05:30  INFO 18936 --- [main] j.LocalContainerEntityManagerFactoryBean : Closing JPA EntityManagerFactory for persistence unit 'default'
2023-09-03T18:21:45.487+05:30  INFO 18936 --- [main] com.zaxxer.hikari.HikariDataSource       : HikariPool-1 - Shutdown initiated...
2023-09-03T18:21:45.490+05:30  INFO 18936 --- [main] com.zaxxer.hikari.HikariDataSource       : HikariPool-1 - Shutdown completed.
2023-09-03T18:21:45.493+05:30  INFO 18936 --- [main] o.apache.catalina.core.StandardService   : Stopping service [Tomcat]
2023-09-03T18:21:45.505+05:30  INFO 18936 --- [main] .s.b.a.l.ConditionEvaluationReportLogger : 

Error starting ApplicationContext. To display the condition evaluation report re-run your application with 'debug' enabled.
2023-09-03T18:21:45.518+05:30 ERROR 18936 --- [main] o.s.b.d.LoggingFailureAnalysisReporter   : 

***************************
APPLICATION FAILED TO START
***************************

Description:

Web server failed to start. Port 8080 was already in use.

Action:

Identify and stop the process that's listening on port 8080 or configure this application to listen on another port.

2023-09-03T18:21:48.556+05:30  INFO 11408 --- [RMI TCP Connection(3)-127.0.0.1] inMXBeanRegistrar$SpringApplicationAdmin : Application shutdown requested.
2023-09-03T18:21:48.570+05:30  INFO 11408 --- [RMI TCP Connection(3)-127.0.0.1] o.apache.catalina.core.StandardService   : Stopping service [Tomcat]
2023-09-03T18:21:48.572+05:30  INFO 11408 --- [RMI TCP Connection(3)-127.0.0.1] o.a.c.c.C.[Tomcat].[localhost].[/]       : Destroying Spring FrameworkServlet 'dispatcherServlet'
2023-09-03T18:21:48.580+05:30  INFO 11408 --- [RMI TCP Connection(3)-127.0.0.1] j.LocalContainerEntityManagerFactoryBean : Closing JPA EntityManagerFactory for persistence unit 'default'
2023-09-03T18:21:48.582+05:30  INFO 11408 --- [RMI TCP Connection(3)-127.0.0.1] com.zaxxer.hikari.HikariDataSource       : HikariPool-1 - Shutdown initiated...
2023-09-03T18:21:48.585+05:30  INFO 11408 --- [RMI TCP Connection(3)-127.0.0.1] com.zaxxer.hikari.HikariDataSource       : HikariPool-1 - Shutdown completed.
2023-09-03T18:21:52.254+05:30  INFO 12240 --- [main] .b.t.CustomerTicketingSupportApplication : Starting CustomerTicketingSupportApplication using Java 17.0.6 with PID 12240 (C:\Users\NevinZachariah(Inter\Desktop\CustomerTicketing1308\nevin-zachariah\Assessment2\CustomerTicketingSupport\target\classes started by NevinZachariah(Inter in C:\Users\NevinZachariah(Inter\Desktop\CustomerTicketing1308\nevin-zachariah\Assessment2\CustomerTicketingSupport)
2023-09-03T18:21:52.256+05:30  INFO 12240 --- [main] .b.t.CustomerTicketingSupportApplication : No active profile set, falling back to 1 default profile: "default"
2023-09-03T18:21:52.795+05:30  INFO 12240 --- [main] .s.d.r.c.RepositoryConfigurationDelegate : Bootstrapping Spring Data JPA repositories in DEFAULT mode.
2023-09-03T18:21:52.861+05:30  INFO 12240 --- [main] .s.d.r.c.RepositoryConfigurationDelegate : Finished Spring Data repository scanning in 61 ms. Found 7 JPA repository interfaces.
2023-09-03T18:21:53.244+05:30  INFO 12240 --- [main] o.s.b.w.embedded.tomcat.TomcatWebServer  : Tomcat initialized with port(s): 8080 (http)
2023-09-03T18:21:53.251+05:30  INFO 12240 --- [main] o.apache.catalina.core.StandardService   : Starting service [Tomcat]
2023-09-03T18:21:53.252+05:30  INFO 12240 --- [main] o.apache.catalina.core.StandardEngine    : Starting Servlet engine: [Apache Tomcat/10.1.8]
2023-09-03T18:21:53.346+05:30  INFO 12240 --- [main] o.a.c.c.C.[Tomcat].[localhost].[/]       : Initializing Spring embedded WebApplicationContext
2023-09-03T18:21:53.347+05:30  INFO 12240 --- [main] w.s.c.ServletWebServerApplicationContext : Root WebApplicationContext: initialization completed in 1035 ms
2023-09-03T18:21:53.457+05:30  INFO 12240 --- [main] o.hibernate.jpa.internal.util.LogHelper  : HHH000204: Processing PersistenceUnitInfo [name: default]
2023-09-03T18:21:53.494+05:30  INFO 12240 --- [main] org.hibernate.Version                    : HHH000412: Hibernate ORM core version 6.2.2.Final
2023-09-03T18:21:53.496+05:30  INFO 12240 --- [main] org.hibernate.cfg.Environment            : HHH000406: Using bytecode reflection optimizer
2023-09-03T18:21:53.589+05:30  INFO 12240 --- [main] o.h.b.i.BytecodeProviderInitiator        : HHH000021: Bytecode provider name : bytebuddy
2023-09-03T18:21:53.698+05:30  INFO 12240 --- [main] o.s.o.j.p.SpringPersistenceUnitInfo      : No LoadTimeWeaver setup: ignoring JPA class transformer
2023-09-03T18:21:53.720+05:30  INFO 12240 --- [main] com.zaxxer.hikari.HikariDataSource       : HikariPool-1 - Starting...
2023-09-03T18:21:53.850+05:30  INFO 12240 --- [main] com.zaxxer.hikari.pool.HikariPool        : HikariPool-1 - Added connection org.postgresql.jdbc.PgConnection@4cd7d5e1
2023-09-03T18:21:53.855+05:30  INFO 12240 --- [main] com.zaxxer.hikari.HikariDataSource       : HikariPool-1 - Start completed.
2023-09-03T18:21:53.881+05:30  INFO 12240 --- [main] org.hibernate.orm.dialect                : HHH035001: Using dialect: org.hibernate.dialect.PostgreSQLDialect, version: org.hibernate.engine.jdbc.env.internal.JdbcEnvironmentInitiator$DialectResolutionInfoImpl@fcf9525
2023-09-03T18:21:54.138+05:30  INFO 12240 --- [main] o.h.b.i.BytecodeProviderInitiator        : HHH000021: Bytecode provider name : bytebuddy
2023-09-03T18:21:54.782+05:30  INFO 12240 --- [main] o.h.e.t.j.p.i.JtaPlatformInitiator       : HHH000490: Using JtaPlatform implementation: [org.hibernate.engine.transaction.jta.platform.internal.NoJtaPlatform]
2023-09-03T18:21:54.950+05:30  INFO 12240 --- [main] j.LocalContainerEntityManagerFactoryBean : Initialized JPA EntityManagerFactory for persistence unit 'default'
2023-09-03T18:21:55.256+05:30  INFO 12240 --- [main] o.s.d.j.r.query.QueryEnhancerFactory     : Hibernate is in classpath; If applicable, HQL parser will be used.
2023-09-03T18:21:55.661+05:30  WARN 12240 --- [main] JpaBaseConfiguration$JpaWebConfiguration : spring.jpa.open-in-view is enabled by default. Therefore, database queries may be performed during view rendering. Explicitly configure spring.jpa.open-in-view to disable this warning
2023-09-03T18:21:55.934+05:30  INFO 12240 --- [main] o.s.b.w.embedded.tomcat.TomcatWebServer  : Tomcat started on port(s): 8080 (http) with context path ''
2023-09-03T18:21:55.941+05:30  INFO 12240 --- [main] .b.t.CustomerTicketingSupportApplication : Started CustomerTicketingSupportApplication in 4.112 seconds (process running for 4.716)
2023-09-03T18:23:54.506+05:30  INFO 12240 --- [RMI TCP Connection(4)-127.0.0.1] inMXBeanRegistrar$SpringApplicationAdmin : Application shutdown requested.
2023-09-03T18:23:54.521+05:30  INFO 12240 --- [RMI TCP Connection(4)-127.0.0.1] o.apache.catalina.core.StandardService   : Stopping service [Tomcat]
2023-09-03T18:23:54.529+05:30  INFO 12240 --- [RMI TCP Connection(4)-127.0.0.1] j.LocalContainerEntityManagerFactoryBean : Closing JPA EntityManagerFactory for persistence unit 'default'
2023-09-03T18:23:54.531+05:30  INFO 12240 --- [RMI TCP Connection(4)-127.0.0.1] com.zaxxer.hikari.HikariDataSource       : HikariPool-1 - Shutdown initiated...
2023-09-03T18:23:54.534+05:30  INFO 12240 --- [RMI TCP Connection(4)-127.0.0.1] com.zaxxer.hikari.HikariDataSource       : HikariPool-1 - Shutdown completed.
2023-09-03T18:24:28.871+05:30  INFO 1428 --- [main] .b.t.CustomerTicketingSupportApplication : Starting CustomerTicketingSupportApplication using Java 17.0.6 with PID 1428 (C:\Users\NevinZachariah(Inter\Desktop\CustomerTicketing1308\nevin-zachariah\Assessment2\CustomerTicketingSupport\target\classes started by NevinZachariah(Inter in C:\Users\NevinZachariah(Inter\Desktop\CustomerTicketing1308\nevin-zachariah\Assessment2\CustomerTicketingSupport)
2023-09-03T18:24:28.874+05:30  INFO 1428 --- [main] .b.t.CustomerTicketingSupportApplication : No active profile set, falling back to 1 default profile: "default"
2023-09-03T18:24:29.373+05:30  INFO 1428 --- [main] .s.d.r.c.RepositoryConfigurationDelegate : Bootstrapping Spring Data JPA repositories in DEFAULT mode.
2023-09-03T18:24:29.443+05:30  INFO 1428 --- [main] .s.d.r.c.RepositoryConfigurationDelegate : Finished Spring Data repository scanning in 64 ms. Found 7 JPA repository interfaces.
2023-09-03T18:24:29.847+05:30  INFO 1428 --- [main] o.s.b.w.embedded.tomcat.TomcatWebServer  : Tomcat initialized with port(s): 8080 (http)
2023-09-03T18:24:29.856+05:30  INFO 1428 --- [main] o.apache.catalina.core.StandardService   : Starting service [Tomcat]
2023-09-03T18:24:29.857+05:30  INFO 1428 --- [main] o.apache.catalina.core.StandardEngine    : Starting Servlet engine: [Apache Tomcat/10.1.8]
2023-09-03T18:24:29.958+05:30  INFO 1428 --- [main] o.a.c.c.C.[Tomcat].[localhost].[/]       : Initializing Spring embedded WebApplicationContext
2023-09-03T18:24:29.959+05:30  INFO 1428 --- [main] w.s.c.ServletWebServerApplicationContext : Root WebApplicationContext: initialization completed in 1051 ms
2023-09-03T18:24:30.086+05:30  INFO 1428 --- [main] o.hibernate.jpa.internal.util.LogHelper  : HHH000204: Processing PersistenceUnitInfo [name: default]
2023-09-03T18:24:30.128+05:30  INFO 1428 --- [main] org.hibernate.Version                    : HHH000412: Hibernate ORM core version 6.2.2.Final
2023-09-03T18:24:30.129+05:30  INFO 1428 --- [main] org.hibernate.cfg.Environment            : HHH000406: Using bytecode reflection optimizer
2023-09-03T18:24:30.217+05:30  INFO 1428 --- [main] o.h.b.i.BytecodeProviderInitiator        : HHH000021: Bytecode provider name : bytebuddy
2023-09-03T18:24:30.358+05:30  INFO 1428 --- [main] o.s.o.j.p.SpringPersistenceUnitInfo      : No LoadTimeWeaver setup: ignoring JPA class transformer
2023-09-03T18:24:30.378+05:30  INFO 1428 --- [main] com.zaxxer.hikari.HikariDataSource       : HikariPool-1 - Starting...
2023-09-03T18:24:30.526+05:30  INFO 1428 --- [main] com.zaxxer.hikari.pool.HikariPool        : HikariPool-1 - Added connection org.postgresql.jdbc.PgConnection@7e77678c
2023-09-03T18:24:30.528+05:30  INFO 1428 --- [main] com.zaxxer.hikari.HikariDataSource       : HikariPool-1 - Start completed.
2023-09-03T18:24:30.558+05:30  INFO 1428 --- [main] org.hibernate.orm.dialect                : HHH035001: Using dialect: org.hibernate.dialect.PostgreSQLDialect, version: org.hibernate.engine.jdbc.env.internal.JdbcEnvironmentInitiator$DialectResolutionInfoImpl@44864536
2023-09-03T18:24:30.812+05:30  INFO 1428 --- [main] o.h.b.i.BytecodeProviderInitiator        : HHH000021: Bytecode provider name : bytebuddy
2023-09-03T18:24:31.496+05:30  INFO 1428 --- [main] o.h.e.t.j.p.i.JtaPlatformInitiator       : HHH000490: Using JtaPlatform implementation: [org.hibernate.engine.transaction.jta.platform.internal.NoJtaPlatform]
2023-09-03T18:24:31.700+05:30  INFO 1428 --- [main] j.LocalContainerEntityManagerFactoryBean : Initialized JPA EntityManagerFactory for persistence unit 'default'
2023-09-03T18:24:32.025+05:30  INFO 1428 --- [main] o.s.d.j.r.query.QueryEnhancerFactory     : Hibernate is in classpath; If applicable, HQL parser will be used.
2023-09-03T18:24:32.435+05:30  WARN 1428 --- [main] JpaBaseConfiguration$JpaWebConfiguration : spring.jpa.open-in-view is enabled by default. Therefore, database queries may be performed during view rendering. Explicitly configure spring.jpa.open-in-view to disable this warning
2023-09-03T18:24:32.750+05:30  INFO 1428 --- [main] o.s.b.w.embedded.tomcat.TomcatWebServer  : Tomcat started on port(s): 8080 (http) with context path ''
2023-09-03T18:24:32.759+05:30  INFO 1428 --- [main] .b.t.CustomerTicketingSupportApplication : Started CustomerTicketingSupportApplication in 4.276 seconds (process running for 4.932)
2023-09-03T18:24:38.333+05:30  INFO 1428 --- [http-nio-8080-exec-1] o.a.c.c.C.[Tomcat].[localhost].[/]       : Initializing Spring DispatcherServlet 'dispatcherServlet'
2023-09-03T18:24:38.333+05:30  INFO 1428 --- [http-nio-8080-exec-1] o.s.web.servlet.DispatcherServlet        : Initializing Servlet 'dispatcherServlet'
2023-09-03T18:24:38.333+05:30  INFO 1428 --- [http-nio-8080-exec-1] o.s.web.servlet.DispatcherServlet        : Completed initialization in 0 ms
2023-09-03T18:51:52.523+05:30  WARN 1428 --- [HikariPool-1 housekeeper] com.zaxxer.hikari.pool.HikariPool        : HikariPool-1 - Thread starvation or clock leap detected (housekeeper delta=16m21s775ms961µs800ns).
