2023-10-14T07:22:50.830+05:30  INFO 17684 --- [main] .b.t.CustomerTicketingSupportApplication : Starting CustomerTicketingSupportApplication using Java 17.0.6 with PID 17684 (C:\Users\NevinZachariah(Inter\Desktop\Assessment4Clone\nevin-zachariah\Assesement4\CustomerTicketingSupport\target\classes started by NevinZachariah(Inter in C:\Users\NevinZachariah(Inter\Desktop\Assessment4Clone\nevin-zachariah\Assesement4\CustomerTicketingSupport)
2023-10-14T07:22:50.838+05:30  INFO 17684 --- [main] .b.t.CustomerTicketingSupportApplication : No active profile set, falling back to 1 default profile: "default"
2023-10-14T07:22:51.652+05:30  INFO 17684 --- [main] .s.d.r.c.RepositoryConfigurationDelegate : Bootstrapping Spring Data JPA repositories in DEFAULT mode.
2023-10-14T07:22:51.770+05:30  INFO 17684 --- [main] .s.d.r.c.RepositoryConfigurationDelegate : Finished Spring Data repository scanning in 94 ms. Found 7 JPA repository interfaces.
2023-10-14T07:22:52.316+05:30  INFO 17684 --- [main] o.s.b.w.embedded.tomcat.TomcatWebServer  : Tomcat initialized with port(s): 8080 (http)
2023-10-14T07:22:52.330+05:30  INFO 17684 --- [main] o.apache.catalina.core.StandardService   : Starting service [Tomcat]
2023-10-14T07:22:52.330+05:30  INFO 17684 --- [main] o.apache.catalina.core.StandardEngine    : Starting Servlet engine: [Apache Tomcat/10.1.8]
2023-10-14T07:22:52.454+05:30  INFO 17684 --- [main] o.a.c.c.C.[Tomcat].[localhost].[/]       : Initializing Spring embedded WebApplicationContext
2023-10-14T07:22:52.455+05:30  INFO 17684 --- [main] w.s.c.ServletWebServerApplicationContext : Root WebApplicationContext: initialization completed in 1563 ms
2023-10-14T07:22:52.644+05:30  INFO 17684 --- [main] o.hibernate.jpa.internal.util.LogHelper  : HHH000204: Processing PersistenceUnitInfo [name: default]
2023-10-14T07:22:52.715+05:30  INFO 17684 --- [main] org.hibernate.Version                    : HHH000412: Hibernate ORM core version 6.2.2.Final
2023-10-14T07:22:52.718+05:30  INFO 17684 --- [main] org.hibernate.cfg.Environment            : HHH000406: Using bytecode reflection optimizer
2023-10-14T07:22:52.916+05:30  INFO 17684 --- [main] o.h.b.i.BytecodeProviderInitiator        : HHH000021: Bytecode provider name : bytebuddy
2023-10-14T07:22:53.121+05:30  INFO 17684 --- [main] o.s.o.j.p.SpringPersistenceUnitInfo      : No LoadTimeWeaver setup: ignoring JPA class transformer
2023-10-14T07:22:53.141+05:30  INFO 17684 --- [main] com.zaxxer.hikari.HikariDataSource       : HikariPool-1 - Starting...
2023-10-14T07:22:53.466+05:30  INFO 17684 --- [main] com.zaxxer.hikari.pool.HikariPool        : HikariPool-1 - Added connection org.postgresql.jdbc.PgConnection@3ba3f40d
2023-10-14T07:22:53.468+05:30  INFO 17684 --- [main] com.zaxxer.hikari.HikariDataSource       : HikariPool-1 - Start completed.
2023-10-14T07:22:53.521+05:30  INFO 17684 --- [main] org.hibernate.orm.dialect                : HHH035001: Using dialect: org.hibernate.dialect.PostgreSQLDialect, version: org.hibernate.engine.jdbc.env.internal.JdbcEnvironmentInitiator$DialectResolutionInfoImpl@6d17914a
2023-10-14T07:22:53.850+05:30  INFO 17684 --- [main] o.h.b.i.BytecodeProviderInitiator        : HHH000021: Bytecode provider name : bytebuddy
2023-10-14T07:22:54.610+05:30  INFO 17684 --- [main] o.h.e.t.j.p.i.JtaPlatformInitiator       : HHH000490: Using JtaPlatform implementation: [org.hibernate.engine.transaction.jta.platform.internal.NoJtaPlatform]
2023-10-14T07:22:54.803+05:30  INFO 17684 --- [main] j.LocalContainerEntityManagerFactoryBean : Initialized JPA EntityManagerFactory for persistence unit 'default'
2023-10-14T07:22:55.173+05:30  INFO 17684 --- [main] o.s.d.j.r.query.QueryEnhancerFactory     : Hibernate is in classpath; If applicable, HQL parser will be used.
2023-10-14T07:22:55.656+05:30  WARN 17684 --- [main] JpaBaseConfiguration$JpaWebConfiguration : spring.jpa.open-in-view is enabled by default. Therefore, database queries may be performed during view rendering. Explicitly configure spring.jpa.open-in-view to disable this warning
2023-10-14T07:22:55.945+05:30  INFO 17684 --- [main] o.s.b.w.embedded.tomcat.TomcatWebServer  : Tomcat started on port(s): 8080 (http) with context path ''
2023-10-14T07:22:55.955+05:30  INFO 17684 --- [main] .b.t.CustomerTicketingSupportApplication : Started CustomerTicketingSupportApplication in 5.693 seconds (process running for 6.475)
2023-10-14T07:23:07.177+05:30  INFO 17684 --- [http-nio-8080-exec-1] o.a.c.c.C.[Tomcat].[localhost].[/]       : Initializing Spring DispatcherServlet 'dispatcherServlet'
2023-10-14T07:23:07.177+05:30  INFO 17684 --- [http-nio-8080-exec-1] o.s.web.servlet.DispatcherServlet        : Initializing Servlet 'dispatcherServlet'
2023-10-14T07:23:07.179+05:30  INFO 17684 --- [http-nio-8080-exec-1] o.s.web.servlet.DispatcherServlet        : Completed initialization in 0 ms
